Solver backend: cpu
Density initialization: sad

 Number of states: 	1

Atom data:
 -------------
 Total # of atom types is 1
 There are 1 H atoms
 and their coordinates are:

	x [a.u.]    	y [a.u.]    	z [a.u.]    
	    0.000000	    0.000000	    0.000000

	x [Ang]     	y [Ang]     	z [Ang]     
	    0.000000	    0.000000	    0.000000

 --------------------------------------------------
 Total number of atoms :         1

 Number of states:                        1 
 h grid spacing :                   0.60000 a.u.   (   0.31751 Ang)
 Hamiltonian size :                   10648  
 Sphere Radius :                    6.30000 a.u.   (   3.33382 Ang)
 # grid points in each direction         22  
 Polynomial degree used :                10  
 Finite difference order :                8  
 --------------------------------------------------
 --------------------------------------------------
 Initial density electron count
 Initial density integrates to :     0.998759 e-
 Normalized density integrates to:  1.000000 e- (target 1.000000)
 --------------------------------------------------
 max and min values of charge density [e/bohr^3]   8.77590e-02   0.00000e+00
 Initial Hartree energy (eV) =    7.60623  
 Initial Exchange-corr. energy (eV) =   -6.25325  

 Setup timings [sec]
 --------------------------------------------------
 Laplacian construction                  0.000000
 Ion-ion repulsion setup                 0.000000
 Diagonal ionic potential setup          0.087268
 Nonlocal ionic potential setup          0.016903
 Exchange-correlation setup              0.008000

----------------------------------



 SCF iter # 1  ... 
Diagonalization method :	first_filt_cpu (diagmeth=3)
Diagonalization time [sec] :	0.3168163299560547

   State  Eigenvalue [Ry]     Eigenvalue [eV]  Occupation

    1     -0.4682189572        -6.3704457608   1.00
Hartree CG tol :	1.0e-05 (no prec)

Hartree potential time [sec]: 	0.04502725601196289

 max and min values of charge density [e/bohr^3]   8.86490e-02   8.18843e-12
   ... SCF error =   7.96e-02
   Energy components this iter:
     Sum of eigenvalues      =   -6.37045  eV   =   -0.46822  Ry  
     Hartree energy          =    7.63672  eV   =    0.56129  Ry  
     Exchange-corr. energy   =   -6.27568  eV   =   -0.46125  Ry  
     Ion-ion repulsion       =    0.00000  eV   =    0.00000  Ry  
     Total electronic energy =  -12.10570  eV   =   -0.88975  Ry  
     Electronic energy/atom  =  -12.10570  eV   =   -0.88975  Ry  


 SCF iter # 2  ... 
Diagonalization method :	chebsf_cpu (diagmeth=3)
Diagonalization time [sec] :	0.06348347663879395

   State  Eigenvalue [Ry]     Eigenvalue [eV]  Occupation

    1     -0.4673549829        -6.3586907876   1.00
Hartree CG tol :	1.0e-05 (no prec)

Hartree potential time [sec]: 	0.04857969284057617

 max and min values of charge density [e/bohr^3]   8.85980e-02   1.30081e-11
   ... SCF error =   4.05e-02
   Energy components this iter:
     Sum of eigenvalues      =   -6.35869  eV   =   -0.46735  Ry  
     Hartree energy          =    7.63499  eV   =    0.56116  Ry  
     Exchange-corr. energy   =   -6.27441  eV   =   -0.46116  Ry  
     Ion-ion repulsion       =    0.00000  eV   =    0.00000  Ry  
     Total electronic energy =  -12.09260  eV   =   -0.88879  Ry  
     Electronic energy/atom  =  -12.09260  eV   =   -0.88879  Ry  


 Total Energies 

 Sum of eigenvalues      =   -6.35869  eV   =   -0.46735  Ry  
 Hartree energy          =    7.63499  eV   =    0.56116  Ry  
 Exchange-corr. energy   =   -6.27441  eV   =   -0.46116  Ry  
 Ion-ion repulsion       =    0.00000  eV   =    0.00000  Ry  
 Total electronic energy =  -12.09260  eV   =   -0.88879  Ry  
 Electronic energy/atom  =  -12.09260  eV   =   -0.88879  Ry  
