Solver backend: cpu
Density initialization: sad

 Number of states: 	34

Atom data:
 -------------
 Total # of atom types is 2
 There are 8 H atoms
 and their coordinates are:

	x [a.u.]    	y [a.u.]    	z [a.u.]    
	    0.000000	    4.689002	    2.307218
	    0.000000	    2.343727	    6.341868
	    0.000000	   -2.343727	    6.341868
	    0.000000	   -4.689002	    2.307218
	    0.000000	    4.689002	   -2.307218
	    0.000000	   -4.689002	   -2.307218
	    0.000000	   -2.343727	   -6.341868
	    0.000000	    2.343727	   -6.341868

	x [Ang]     	y [Ang]     	z [Ang]     
	    0.000000	    2.481313	    1.220927
	    0.000000	    1.240247	    3.355972
	    0.000000	   -1.240247	    3.355972
	    0.000000	   -2.481313	    1.220927
	    0.000000	    2.481313	   -1.220927
	    0.000000	   -2.481313	   -1.220927
	    0.000000	   -1.240247	   -3.355972
	    0.000000	    1.240247	   -3.355972

 There are 10 C atoms
 and their coordinates are:

	x [a.u.]    	y [a.u.]    	z [a.u.]    
	    0.000000	    2.622481	    2.322101
	    0.000000	    1.322995	    4.548730
	    0.000000	   -1.322995	    4.548730
	    0.000000	   -2.622481	    2.322101
	    0.000000	   -1.341866	    0.000000
	    0.000000	    1.341866	    0.000000
	    0.000000	    2.622481	   -2.322101
	    0.000000	   -2.622481	   -2.322101
	    0.000000	   -1.322995	   -4.548730
	    0.000000	    1.322995	   -4.548730

	x [Ang]     	y [Ang]     	z [Ang]     
	    0.000000	    1.387757	    1.228803
	    0.000000	    0.700099	    2.407084
	    0.000000	   -0.700099	    2.407084
	    0.000000	   -1.387757	    1.228803
	    0.000000	   -0.710085	    0.000000
	    0.000000	    0.710085	    0.000000
	    0.000000	    1.387757	   -1.228803
	    0.000000	   -1.387757	   -1.228803
	    0.000000	   -0.700099	   -2.407084
	    0.000000	    0.700099	   -2.407084

 --------------------------------------------------
 Total number of atoms :         18

 Number of states:                       34 
 h grid spacing :                   0.37795 a.u.   (   0.20000 Ang)
 Hamiltonian size :                  778688  
 Sphere Radius :                   17.19651 a.u.   (   9.10000 Ang)
 # grid points in each direction         92  
 Polynomial degree used :                10  
 Finite difference order :                8  
 --------------------------------------------------
 --------------------------------------------------
 Initial density electron count
 Initial density integrates to :     47.974198 e-
 Normalized density integrates to:  48.000000 e- (target 48.000000)
 --------------------------------------------------
 max and min values of charge density [e/bohr^3]   2.60587e-01   0.00000e+00
 Initial Hartree energy (eV) = 7183.00138  
 Initial Exchange-corr. energy (eV) = -507.65070  

 Setup timings [sec]
 --------------------------------------------------
 Laplacian construction                  0.604662
 Ion-ion repulsion setup                 0.000000
 Diagonal ionic potential setup         83.977486
 Nonlocal ionic potential setup         17.105277
 Exchange-correlation setup              0.175134

----------------------------------



 SCF iter # 1  ... 
Diagonalization method :	first_filt_cpu (diagmeth=3)
Diagonalization time [sec] :	41.93415904045105

   State  Eigenvalue [Ry]     Eigenvalue [eV]  Occupation

    1     -2.0438112525       -27.8074788058   2.00
    2     -1.9497831103       -26.5281602930   2.00
    3     -1.8396707924       -25.0300053417   2.00
    4     -1.7814232855       -24.2375073508   2.00
    5     -1.7433014672       -23.7188334004   2.00
    6     -1.5598300819       -21.2225771280   2.00
    7     -1.5484786139       -21.0681324827   2.00
    8     -1.4914896278       -20.2927575438   2.00
    9     -1.3504547942       -18.3738801822   2.00
   10     -1.3417251382       -18.2551071183   2.00
   11     -1.3227250858       -17.9965981417   2.00
   12     -1.2270970693       -16.6955122229   2.00
   13     -1.2091782286       -16.4517138863   2.00
   14     -1.1788206916       -16.0386784042   2.00
   15     -1.1529635397       -15.6868738025   2.00
   16     -1.1078016200       -15.0724143588   2.00
   17     -1.0772930608       -14.6573241134   2.00
   18     -1.0598942574       -14.4206012484   2.00
   19     -1.0322779775       -14.0448624824   2.00
   20     -0.9817867670       -13.3578943173   2.00
   21     -0.9581477288       -13.0362687005   2.00
   22     -0.8707600576       -11.8472984312   2.00
   23     -0.7936625560       -10.7983331029   2.00
   24     -0.7452137206       -10.1391528767   2.00
   25     -0.3909525493        -5.3191823433   0.00
   26     -0.3808067182        -5.1811412297   0.00
   27     -0.2617558499        -3.5613710608   0.00
   28     -0.1463347955        -1.9909870447   0.00
   29     -0.0394109672        -0.5362137205   0.00
   30      0.0326302358         0.4439571356   0.00
   31      0.0420191813         0.5717002943   0.00
   32      0.0727178245         0.9893767635   0.00
   33      0.0841717702         1.1452156915   0.00
   34      0.1100610251         1.4974570759   0.00
Hartree CG tol :	1.0e-05 (no prec)

Hartree potential time [sec]: 	3.0276553630828857

 max and min values of charge density [e/bohr^3]   3.86932e-01   5.07893e-11
   ... SCF error =   4.32e-01
   Energy components this iter:
     Sum of eigenvalues      = -853.55593  eV   =  -62.73518  Ry  
     Hartree energy          = 7633.73756  eV   =  561.06916  Ry  
     Exchange-corr. energy   = -566.39814  eV   =  -41.62948  Ry  
     Ion-ion repulsion       = 6189.67161  eV   =  454.93231  Ry  
     Total electronic energy = -2123.34016  eV   = -156.06257  Ry  
     Electronic energy/atom  = -117.96334  eV   =   -8.67014  Ry  


 SCF iter # 2  ... 
Diagonalization method :	chebsf_cpu (diagmeth=3)
Diagonalization time [sec] :	8.037014722824097

   State  Eigenvalue [Ry]     Eigenvalue [eV]  Occupation

    1     -1.6636269563       -22.6348060616   2.00
    2     -1.5575707024       -21.1918366934   2.00
    3     -1.4750480582       -20.0690585131   2.00
    4     -1.4073277081       -19.1476758767   2.00
    5     -1.3669601109       -18.5984465372   2.00
    6     -1.2055661863       -16.4025695296   2.00
    7     -1.1828426805       -16.0934003711   2.00
    8     -1.1638524564       -15.8350251157   2.00
    9     -1.0244254016       -13.9380227056   2.00
   10     -0.9967609698       -13.5616287987   2.00
   11     -0.9777776909       -13.3033480384   2.00
   12     -0.8924899413       -12.1429486683   2.00
   13     -0.8716691825       -11.8596677109   2.00
   14     -0.8381744747       -11.4039488295   2.00
   15     -0.8289989153       -11.2791089383   2.00
   16     -0.7968758823       -10.8420526503   2.00
   17     -0.7794463152       -10.6049112234   2.00
   18     -0.7349263034        -9.9991853843   2.00
   19     -0.6788966287        -9.2368625485   2.00
   20     -0.6639036995        -9.0328732802   2.00
   21     -0.6545688123        -8.9058656241   2.00
   22     -0.5823089530        -7.9227197957   2.00
   23     -0.5066188939        -6.8929037044   2.00
   24     -0.4536300286        -6.1719532023   2.00
   25     -0.1693399857        -2.3039887159   0.00
   26     -0.1269976194        -1.7278912649   0.00
   27     -0.0600737464        -0.8173452553   0.00
   28     -0.0314870713        -0.4284035847   0.00
   29      0.0515214626         0.7009854638   0.00
   30      0.0607480114         0.8265191015   0.00
   31      0.0626200226         0.8519891203   0.00
   32      0.0795845658         1.0828035736   0.00
   33      0.0912708171         1.2418031798   0.00
   34      0.1044875675         1.4216262948   0.00
Hartree CG tol :	1.0e-05 (no prec)

Hartree potential time [sec]: 	3.022454261779785

 max and min values of charge density [e/bohr^3]   3.39696e-01   6.53550e-12
   ... SCF error =   9.37e-02
   Energy components this iter:
     Sum of eigenvalues      = -634.14164  eV   =  -46.60853  Ry  
     Hartree energy          = 7482.32763  eV   =  549.94074  Ry  
     Exchange-corr. energy   = -548.81239  eV   =  -40.33695  Ry  
     Ion-ion repulsion       = 6189.67161  eV   =  454.93231  Ry  
     Total electronic energy = -1758.12987  eV   = -129.22012  Ry  
     Electronic energy/atom  =  -97.67388  eV   =   -7.17890  Ry  


 SCF iter # 3  ... 
Diagonalization method :	chebsf_cpu (diagmeth=3)
Diagonalization time [sec] :	8.01297664642334

   State  Eigenvalue [Ry]     Eigenvalue [eV]  Occupation

    1     -1.5944093687       -21.6930524648   2.00
    2     -1.4965929655       -20.3621920161   2.00
    3     -1.3974232687       -19.0129190640   2.00
    4     -1.3389837649       -18.2178088199   2.00
    5     -1.2946196613       -17.6142042223   2.00
    6     -1.1325661860       -15.4093535662   2.00
    7     -1.1051708555       -15.0366209714   2.00
    8     -1.0825436427       -14.7287619461   2.00
    9     -0.9483276387       -12.9026595192   2.00
   10     -0.9158039599       -12.4601521655   2.00
   11     -0.9068343091       -12.3381138049   2.00
   12     -0.8095090382       -11.0139355549   2.00
   13     -0.7999507388       -10.8838882204   2.00
   14     -0.7577310700       -10.3094601542   2.00
   15     -0.7519333103       -10.2305775863   2.00
   16     -0.7240641900        -9.8513987500   2.00
   17     -0.7231377119        -9.8387933683   2.00
   18     -0.6631949519        -9.0232302746   2.00
   19     -0.6079484164        -8.2715625937   2.00
   20     -0.6005631823        -8.1710813273   2.00
   21     -0.5862367462        -7.9761601641   2.00
   22     -0.5277457389        -7.1803491791   2.00
   23     -0.4592532199        -6.2484606462   2.00
   24     -0.4020655347        -5.4703822683   2.00
   25     -0.1344914281        -1.8298497634   0.00
   26     -0.0829876533        -1.1291049543   0.00
   27     -0.0278397040        -0.3787786071   0.00
   28     -0.0249919434        -0.3400328357   0.00
   29      0.0374824961         0.5099755252   0.00
   30      0.0480783698         0.6541397834   0.00
   31      0.0678509884         0.9231600621   0.00
   32      0.0750395682         1.0209657075   0.00
   33      0.0926425974         1.2604672087   0.00
   34      0.0968517515         1.3177356879   0.00
Hartree CG tol :	1.0e-05 (no prec)

Hartree potential time [sec]: 	3.011591672897339

 max and min values of charge density [e/bohr^3]   3.41387e-01   1.81007e-12
   ... SCF error =   5.43e-02
   Energy components this iter:
     Sum of eigenvalues      = -588.49024  eV   =  -43.25322  Ry  
     Hartree energy          = 7442.48737  eV   =  547.01253  Ry  
     Exchange-corr. energy   = -544.18996  eV   =  -39.99721  Ry  
     Ion-ion repulsion       = 6189.67161  eV   =  454.93231  Ry  
     Total electronic energy = -1674.09987  eV   = -123.04403  Ry  
     Electronic energy/atom  =  -93.00555  eV   =   -6.83578  Ry  


 SCF iter # 4  ... 
Diagonalization method :	chebsf_cpu (diagmeth=3)
Diagonalization time [sec] :	8.039482116699219

   State  Eigenvalue [Ry]     Eigenvalue [eV]  Occupation

    1     -1.6098862238       -21.9036258820   2.00
    2     -1.5055214826       -20.4836707242   2.00
    3     -1.4108763994       -19.1959582986   2.00
    4     -1.3477521084       -18.3371082554   2.00
    5     -1.3033027773       -17.7323440770   2.00
    6     -1.1390269344       -15.4972565580   2.00
    7     -1.1128283424       -15.1408064263   2.00
    8     -1.0919179554       -14.8563060134   2.00
    9     -0.9526963492       -12.9620988754   2.00
   10     -0.9186391424       -12.4987268027   2.00
   11     -0.9112068261       -12.3976049518   2.00
   12     -0.8144185390       -11.0807327415   2.00
   13     -0.8077285379       -10.9897106059   2.00
   14     -0.7640095427       -10.3948831580   2.00
   15     -0.7620507643       -10.3682326098   2.00
   16     -0.7379718973       -10.0406228159   2.00
   17     -0.7233193553        -9.8412647529   2.00
   18     -0.6655061904        -9.0546762870   2.00
   19     -0.6152939511        -8.3715037200   2.00
   20     -0.6089492808        -8.2851800523   2.00
   21     -0.5945863632        -8.0897625319   2.00
   22     -0.5418785470        -7.3726358994   2.00
   23     -0.4698791334        -6.3930336168   2.00
   24     -0.4127226728        -5.6153800717   2.00
   25     -0.1503504504        -2.0456228322   0.00
   26     -0.0975949047        -1.3278468067   0.00
   27     -0.0416961028        -0.5673045856   0.00
   28     -0.0302610529        -0.4117227495   0.00
   29      0.0244476460         0.3326272895   0.00
   30      0.0358600018         0.4879003569   0.00
   31      0.0541845679         0.7372188703   0.00
   32      0.0629861375         0.8569703696   0.00
   33      0.0769238356         1.0466024806   0.00
   34      0.0814490229         1.1081708128   0.00
Hartree CG tol :	1.0e-05 (no prec)

Hartree potential time [sec]: 	3.028911828994751

 max and min values of charge density [e/bohr^3]   3.38063e-01   2.21986e-13
   ... SCF error =   5.52e-02
   Energy components this iter:
     Sum of eigenvalues      = -593.80625  eV   =  -43.64394  Ry  
     Hartree energy          = 7440.94352  eV   =  546.89906  Ry  
     Exchange-corr. energy   = -543.54147  eV   =  -39.94955  Ry  
     Ion-ion repulsion       = 6189.67161  eV   =  454.93231  Ry  
     Total electronic energy = -1678.07686  eV   = -123.33633  Ry  
     Electronic energy/atom  =  -93.22649  eV   =   -6.85202  Ry  


 SCF iter # 5  ... 
Diagonalization method :	chebsf_cpu (diagmeth=3)
Diagonalization time [sec] :	8.049288272857666

   State  Eigenvalue [Ry]     Eigenvalue [eV]  Occupation

    1     -1.6275421065       -22.1438464907   2.00
    2     -1.5303996965       -20.8221561914   2.00
    3     -1.4231474856       -19.3629149919   2.00
    4     -1.3667909687       -18.5961452396   2.00
    5     -1.3217041134       -17.9827070991   2.00
    6     -1.1561386208       -15.7300729970   2.00
    7     -1.1298937594       -15.3729933377   2.00
    8     -1.1009252423       -14.9788564401   2.00
    9     -0.9675367420       -13.1640127799   2.00
   10     -0.9317826147       -12.6775529193   2.00
   11     -0.9299719361       -12.6529173728   2.00
   12     -0.8269565217       -11.2513207479   2.00
   13     -0.8186520229       -11.1383322443   2.00
   14     -0.7811923339       -10.6286670270   2.00
   15     -0.7732645246       -10.5208036466   2.00
   16     -0.7525303309       -10.2387004671   2.00
   17     -0.7375053145       -10.0342746313   2.00
   18     -0.6782526351        -9.2281005655   2.00
   19     -0.6373411670        -8.6714714838   2.00
   20     -0.6212060859        -8.4519424411   2.00
   21     -0.6020556192        -8.1913869731   2.00
   22     -0.5528743635        -7.5222416576   2.00
   23     -0.4869407770        -6.6251691873   2.00
   24     -0.4298049977        -5.8477970265   2.00
   25     -0.1700759343        -2.3140018102   0.00
   26     -0.1152054971        -1.5674512095   0.00
   27     -0.0561783934        -0.7643462582   0.00
   28     -0.0303906519        -0.4134860333   0.00
   29      0.0155581572         0.2116795889   0.00
   30      0.0238455983         0.3244360109   0.00
   31      0.0521681187         0.7097836724   0.00
   32      0.0584493129         0.7952437040   0.00
   33      0.0716757763         0.9751989709   0.00
   34      0.0742057186         1.0096206025   0.00
Hartree CG tol :	1.0e-05 (no prec)

Hartree potential time [sec]: 	3.0238144397735596

 max and min values of charge density [e/bohr^3]   3.44342e-01   4.50988e-14
   ... SCF error =   6.34e-02
   Energy components this iter:
     Sum of eigenvalues      = -603.66877  eV   =  -44.36882  Ry  
     Hartree energy          = 7450.37070  eV   =  547.59195  Ry  
     Exchange-corr. energy   = -544.52105  eV   =  -40.02154  Ry  
     Ion-ion repulsion       = 6189.67161  eV   =  454.93231  Ry  
     Total electronic energy = -1697.05382  eV   = -124.73111  Ry  
     Electronic energy/atom  =  -94.28077  eV   =   -6.92951  Ry  


 SCF iter # 6  ... 
Diagonalization method :	chebsf_cpu (diagmeth=3)
Diagonalization time [sec] :	8.047836780548096

   State  Eigenvalue [Ry]     Eigenvalue [eV]  Occupation

    1     -1.6307815555       -22.1879214563   2.00
    2     -1.5276789607       -20.7851386804   2.00
    3     -1.4233007136       -19.3649997659   2.00
    4     -1.3627648740       -18.5413674108   2.00
    5     -1.3181965226       -17.9349838783   2.00
    6     -1.1496944673       -15.6423957901   2.00
    7     -1.1261388238       -15.3219048171   2.00
    8     -1.0968750040       -14.9237501212   2.00
    9     -0.9598166020       -13.0589748862   2.00
   10     -0.9225558787       -12.5520167341   2.00
   11     -0.9210598761       -12.5316625745   2.00
   12     -0.8207551722       -11.1669470593   2.00
   13     -0.8082480399       -10.9967787931   2.00
   14     -0.7769072788       -10.5703658607   2.00
   15     -0.7642556746       -10.3982319533   2.00
   16     -0.7572753715       -10.3032600578   2.00
   17     -0.7219105206        -9.8220965737   2.00
   18     -0.6644803492        -9.0407190026   2.00
   19     -0.6366589781        -8.6621898264   2.00
   20     -0.6125624104        -8.3343392021   2.00
   21     -0.5931776341        -8.0705957897   2.00
   22     -0.5559097131        -7.5635397083   2.00
   23     -0.4868074739        -6.6233555063   2.00
   24     -0.4313023326        -5.8681693124   2.00
   25     -0.1721081193        -2.3416511063   0.00
   26     -0.1166177138        -1.5866654031   0.00
   27     -0.0575371323        -0.7828328497   0.00
   28     -0.0180223557        -0.2452067305   0.00
   29      0.0271269315         0.3690808401   0.00
   30      0.0378072408         0.5143939026   0.00
   31      0.0648578467         0.8824362790   0.00
   32      0.0709515214         0.9653449782   0.00
   33      0.0771228940         1.0493108101   0.00
   34      0.0830028132         1.1293112153   0.00
Hartree CG tol :	1.0e-05 (no prec)

Hartree potential time [sec]: 	3.003383159637451

 max and min values of charge density [e/bohr^3]   3.42651e-01   1.17029e-14
   ... SCF error =   1.57e-01
   Energy components this iter:
     Sum of eigenvalues      = -600.53141  eV   =  -44.13823  Ry  
     Hartree energy          = 7461.99317  eV   =  548.44618  Ry  
     Exchange-corr. energy   = -544.96193  eV   =  -40.05395  Ry  
     Ion-ion repulsion       = 6189.67161  eV   =  454.93231  Ry  
     Total electronic energy = -1705.39815  eV   = -125.34441  Ry  
     Electronic energy/atom  =  -94.74434  eV   =   -6.96358  Ry  


 SCF iter # 7  ... 
Diagonalization method :	chebsf_cpu (diagmeth=3)
Diagonalization time [sec] :	8.05524230003357

   State  Eigenvalue [Ry]     Eigenvalue [eV]  Occupation

    1     -1.6133590511       -21.9508761212   2.00
    2     -1.5106813173       -20.5538738773   2.00
    3     -1.4129801809       -19.2245817140   2.00
    4     -1.3508288384       -18.3789693140   2.00
    5     -1.3060531274       -17.7697645091   2.00
    6     -1.1402748061       -15.5142347235   2.00
    7     -1.1143176354       -15.1610692974   2.00
    8     -1.0901305399       -14.8319869781   2.00
    9     -0.9507324250       -12.9353783166   2.00
   10     -0.9160471883       -12.4634614588   2.00
   11     -0.9121169017       -12.4099871650   2.00
   12     -0.8097912359       -11.0177750522   2.00
   13     -0.8081802614       -10.9958566201   2.00
   14     -0.7639481122       -10.3940473527   2.00
   15     -0.7599626672       -10.3398225918   2.00
   16     -0.7415086668       -10.0887430342   2.00
   17     -0.7201987606        -9.7988068836   2.00
   18     -0.6640591029        -9.0349876524   2.00
   19     -0.6208571751        -8.4471952668   2.00
   20     -0.6088577627        -8.2839348843   2.00
   21     -0.5918603949        -8.0526738296   2.00
   22     -0.5461020345        -7.4300993942   2.00
   23     -0.4747768730        -6.4596707831   2.00
   24     -0.4178384715        -5.6849840841   2.00
   25     -0.1616061262        -2.1987641582   0.00
   26     -0.1065628858        -1.4498624492   0.00
   27     -0.0514679482        -0.7002573627   0.00
   28     -0.0294651814        -0.4008943620   0.00
   29      0.0080422871         0.1094209297   0.00
   30      0.0158576626         0.2157545697   0.00
   31      0.0453091206         0.6164622142   0.00
   32      0.0500415637         0.6808504063   0.00
   33      0.0601301622         0.8181128317   0.00
   34      0.0644190379         0.8764659790   0.00
Hartree CG tol :	1.0e-05 (no prec)

Hartree potential time [sec]: 	3.0531790256500244

 max and min values of charge density [e/bohr^3]   3.38156e-01   5.27125e-15
   ... SCF error =   1.92e-02
   Energy components this iter:
     Sum of eigenvalues      = -594.44556  eV   =  -43.69093  Ry  
     Hartree energy          = 7448.53293  eV   =  547.45687  Ry  
     Exchange-corr. energy   = -543.83380  eV   =  -39.97103  Ry  
     Ion-ion repulsion       = 6189.67161  eV   =  454.93231  Ry  
     Total electronic energy = -1686.21142  eV   = -123.93421  Ry  
     Electronic energy/atom  =  -93.67841  eV   =   -6.88523  Ry  


 SCF iter # 8  ... 
Diagonalization method :	chebsf_cpu (diagmeth=3)
Diagonalization time [sec] :	8.035853385925293

   State  Eigenvalue [Ry]     Eigenvalue [eV]  Occupation

    1     -1.6061552818       -21.8528638118   2.00
    2     -1.5046415407       -20.4716985002   2.00
    3     -1.4068720028       -19.1414756873   2.00
    4     -1.3454856352       -18.3062713041   2.00
    5     -1.3006810195       -17.6966732311   2.00
    6     -1.1358288136       -15.4537438919   2.00
    7     -1.1095017819       -15.0955462483   2.00
    8     -1.0854344561       -14.7680934803   2.00
    9     -0.9469862118       -12.8844084701   2.00
   10     -0.9128999220       -12.4206407030   2.00
   11     -0.9080414749       -12.3545381389   2.00
   12     -0.8053375108       -10.9571790127   2.00
   13     -0.8046678839       -10.9480682716   2.00
   14     -0.7583834261       -10.3183359137   2.00
   15     -0.7560733340       -10.2869054981   2.00
   16     -0.7352920684       -10.0041618726   2.00
   17     -0.7179075457        -9.7676333067   2.00
   18     -0.6610451060        -8.9939801199   2.00
   19     -0.6159484490        -8.3804086211   2.00
   20     -0.6044852757        -8.2244441470   2.00
   21     -0.5878594500        -7.9982381824   2.00
   22     -0.5402696528        -7.3507457702   2.00
   23     -0.4696180502        -6.3894813980   2.00
   24     -0.4125611887        -5.6131829667   2.00
   25     -0.1573049878        -2.1402441684   0.00
   26     -0.1023902990        -1.3930914937   0.00
   27     -0.0478447598        -0.6509613565   0.00
   28     -0.0311472307        -0.4237798160   0.00
   29      0.0029804424         0.0405509991   0.00
   30      0.0088410691         0.1202889166   0.00
   31      0.0415632362         0.5654968422   0.00
   32      0.0452223207         0.6152812413   0.00
   33      0.0556695088         0.7574225285   0.00
   34      0.0585185531         0.7961857653   0.00
Hartree CG tol :	1.0e-05 (no prec)

Hartree potential time [sec]: 	3.029965400695801

 max and min values of charge density [e/bohr^3]   3.37410e-01   5.04811e-16
   ... SCF error =   1.39e-02
   Energy components this iter:
     Sum of eigenvalues      = -591.35744  eV   =  -43.46395  Ry  
     Hartree energy          = 7441.82082  eV   =  546.96354  Ry  
     Exchange-corr. energy   = -543.34719  eV   =  -39.93527  Ry  
     Ion-ion repulsion       = 6189.67161  eV   =  454.93231  Ry  
     Total electronic energy = -1676.56512  eV   = -123.22522  Ry  
     Electronic energy/atom  =  -93.14251  eV   =   -6.84585  Ry  


 SCF iter # 9  ... 
Diagonalization method :	chebsf_cpu (diagmeth=3)
Diagonalization time [sec] :	8.072898864746094

   State  Eigenvalue [Ry]     Eigenvalue [eV]  Occupation

    1     -1.6120231476       -21.9327002218   2.00
    2     -1.5102074335       -20.5474263575   2.00
    3     -1.4120353132       -19.2117261301   2.00
    4     -1.3508586521       -18.3793749498   2.00
    5     -1.3057430861       -17.7655461810   2.00
    6     -1.1407479999       -15.5206728566   2.00
    7     -1.1143684445       -15.1617605905   2.00
    8     -1.0902666706       -14.8338391316   2.00
    9     -0.9515223322       -12.9461255548   2.00
   10     -0.9172620989       -12.4799911649   2.00
   11     -0.9128985445       -12.4206219607   2.00
   12     -0.8100616765       -11.0214545848   2.00
   13     -0.8094490989       -11.0131200389   2.00
   14     -0.7637977367       -10.3920013891   2.00
   15     -0.7607236047       -10.3501756773   2.00
   16     -0.7400082473       -10.0683287794   2.00
   17     -0.7222382345        -9.8265553509   2.00
   18     -0.6656352161        -9.0564317720   2.00
   19     -0.6202480059        -8.4389070945   2.00
   20     -0.6095237662        -8.2929963275   2.00
   21     -0.5927255969        -8.0644455074   2.00
   22     -0.5447023253        -7.4110553735   2.00
   23     -0.4742281592        -6.4522051483   2.00
   24     -0.4168045885        -5.6709173838   2.00
   25     -0.1616674744        -2.1995988437   0.00
   26     -0.1069955299        -1.4557488747   0.00
   27     -0.0521411303        -0.7094164754   0.00
   28     -0.0328889406        -0.4474769956   0.00
   29     -0.0008376565        -0.0113969011   0.00
   30      0.0036382621         0.0495010958   0.00
   31      0.0387130896         0.5267186083   0.00
   32      0.0415333509         0.5650902318   0.00
   33      0.0511946497         0.6965389469   0.00
   34      0.0545952519         0.7428065136   0.00
Hartree CG tol :	1.0e-05 (no prec)

Hartree potential time [sec]: 	3.0686190128326416

 max and min values of charge density [e/bohr^3]   3.37917e-01   1.45623e-16
   ... SCF error =   6.50e-03
   Energy components this iter:
     Sum of eigenvalues      = -594.51676  eV   =  -43.69616  Ry  
     Hartree energy          = 7443.34373  eV   =  547.07547  Ry  
     Exchange-corr. energy   = -543.50459  eV   =  -39.94684  Ry  
     Ion-ion repulsion       = 6189.67161  eV   =  454.93231  Ry  
     Total electronic energy = -1681.19733  eV   = -123.56568  Ry  
     Electronic energy/atom  =  -93.39985  eV   =   -6.86476  Ry  


 SCF iter # 10  ... 
Diagonalization method :	chebsf_cpu (diagmeth=3)
Diagonalization time [sec] :	8.289900541305542

   State  Eigenvalue [Ry]     Eigenvalue [eV]  Occupation

    1     -1.6123490707       -21.9371346334   2.00
    2     -1.5113989456       -20.5636377117   2.00
    3     -1.4123349214       -19.2158025091   2.00
    4     -1.3514737250       -18.3877434462   2.00
    5     -1.3065612338       -17.7766776521   2.00
    6     -1.1413246978       -15.5285192333   2.00
    7     -1.1148691744       -15.1685733703   2.00
    8     -1.0901037354       -14.8316222839   2.00
    9     -0.9518657656       -12.9507982061   2.00
   10     -0.9174586560       -12.4826654616   2.00
   11     -0.9136617901       -12.4310064501   2.00
   12     -0.8103871358       -11.0258826862   2.00
   13     -0.8093744226       -11.0121040160   2.00
   14     -0.7643218941       -10.3991329163   2.00
   15     -0.7607905723       -10.3510868181   2.00
   16     -0.7403761494       -10.0733343437   2.00
   17     -0.7227067602        -9.8329299690   2.00
   18     -0.6661479117        -9.0634073539   2.00
   19     -0.6214500437        -8.4552616577   2.00
   20     -0.6098774492        -8.2978084311   2.00
   21     -0.5925602834        -8.0621963016   2.00
   22     -0.5451801356        -7.4175563163   2.00
   23     -0.4748712001        -6.4609541683   2.00
   24     -0.4177333199        -5.6835534226   2.00
   25     -0.1626663851        -2.2131897207   0.00
   26     -0.1077318427        -1.4657669240   0.00
   27     -0.0526710726        -0.7166267113   0.00
   28     -0.0336300883        -0.4575608273   0.00
   29     -0.0030009659        -0.0408302354   0.00
   30     -0.0000280213        -0.0003812498   0.00
   31      0.0365528829         0.4973274879   0.00
   32      0.0390139363         0.5308118382   0.00
   33      0.0482075075         0.6558967911   0.00
   34      0.0515115012         0.7008499318   0.00
Hartree CG tol :	1.0e-05 (no prec)

Hartree potential time [sec]: 	3.1179096698760986

 max and min values of charge density [e/bohr^3]   3.38017e-01   3.63842e-17
   ... SCF error =   2.91e-03
   Energy components this iter:
     Sum of eigenvalues      = -594.81878  eV   =  -43.71836  Ry  
     Hartree energy          = 7443.47277  eV   =  547.08496  Ry  
     Exchange-corr. energy   = -543.52754  eV   =  -39.94852  Ry  
     Ion-ion repulsion       = 6189.67161  eV   =  454.93231  Ry  
     Total electronic energy = -1681.62110  eV   = -123.59683  Ry  
     Electronic energy/atom  =  -93.42339  eV   =   -6.86649  Ry  


 SCF iter # 11  ... 
Diagonalization method :	chebsf_cpu (diagmeth=3)
Diagonalization time [sec] :	8.059536695480347

   State  Eigenvalue [Ry]     Eigenvalue [eV]  Occupation

    1     -1.6125652112       -21.9400753759   2.00
    2     -1.5107916235       -20.5553746698   2.00
    3     -1.4125182549       -19.2182968892   2.00
    4     -1.3512152895       -18.3842272515   2.00
    5     -1.3062030968       -17.7718049483   2.00
    6     -1.1410310227       -15.5245235794   2.00
    7     -1.1146691945       -15.1658525034   2.00
    8     -1.0904176058       -14.8358927101   2.00
    9     -0.9516652783       -12.9480704371   2.00
   10     -0.9173088374       -12.4806270753   2.00
   11     -0.9131610366       -12.4241933491   2.00
   12     -0.8101975938       -11.0233038354   2.00
   13     -0.8095525890       -11.0145280945   2.00
   14     -0.7641690502       -10.3970533687   2.00
   15     -0.7608591706       -10.3520201462   2.00
   16     -0.7405972931       -10.0763431580   2.00
   17     -0.7222275721        -9.8264102812   2.00
   18     -0.6657210726        -9.0575999106   2.00
   19     -0.6208481020        -8.4470718213   2.00
   20     -0.6097438797        -8.2959911243   2.00
   21     -0.5927834008        -8.0652319694   2.00
   22     -0.5453200371        -7.4194597738   2.00
   23     -0.4746998226        -6.4586224576   2.00
   24     -0.4174370460        -5.6795224100   2.00
   25     -0.1624772641        -2.2106165976   0.00
   26     -0.1077053033        -1.4654058375   0.00
   27     -0.0530665652        -0.7220076631   0.00
   28     -0.0342932234        -0.4665832430   0.00
   29     -0.0050681838        -0.0689561789   0.00
   30     -0.0029631971        -0.0403163653   0.00
   31      0.0343796090         0.4677585797   0.00
   32      0.0369164990         0.5022747385   0.00
   33      0.0454354665         0.6181812390   0.00
   34      0.0484896577         0.6597356417   0.00
Hartree CG tol :	1.0e-05 (no prec)

Hartree potential time [sec]: 	3.0300867557525635

 max and min values of charge density [e/bohr^3]   3.37702e-01   6.77515e-18
   ... SCF error =   2.34e-03
   Energy components this iter:
     Sum of eigenvalues      = -594.72419  eV   =  -43.71141  Ry  
     Hartree energy          = 7443.49105  eV   =  547.08630  Ry  
     Exchange-corr. energy   = -543.51073  eV   =  -39.94729  Ry  
     Ion-ion repulsion       = 6189.67161  eV   =  454.93231  Ry  
     Total electronic energy = -1681.55013  eV   = -123.59161  Ry  
     Electronic energy/atom  =  -93.41945  eV   =   -6.86620  Ry  


 SCF iter # 12  ... 
Diagonalization method :	chebsf_cpu (diagmeth=3)
Diagonalization time [sec] :	8.053292989730835

   State  Eigenvalue [Ry]     Eigenvalue [eV]  Occupation

    1     -1.6123773671       -21.9375196249   2.00
    2     -1.5108460466       -20.5561151337   2.00
    3     -1.4123425342       -19.2159060857   2.00
    4     -1.3512101624       -18.3841574936   2.00
    5     -1.3061815529       -17.7715118277   2.00
    6     -1.1410363677       -15.5245963008   2.00
    7     -1.1146361677       -15.1654031516   2.00
    8     -1.0902352208       -14.8334112348   2.00
    9     -0.9516327677       -12.9476281064   2.00
   10     -0.9172883897       -12.4803488699   2.00
   11     -0.9132220091       -12.4250229225   2.00
   12     -0.8101647680       -11.0228572172   2.00
   13     -0.8094185206       -11.0127039999   2.00
   14     -0.7640977908       -10.3960838339   2.00
   15     -0.7607279073       -10.3502342173   2.00
   16     -0.7404616355       -10.0744974424   2.00
   17     -0.7223114354        -9.8275512991   2.00
   18     -0.6657743381        -9.0583246237   2.00
   19     -0.6209612968        -8.4486119156   2.00
   20     -0.6096852096        -8.2951928778   2.00
   21     -0.5926397204        -8.0632770981   2.00
   22     -0.5451939302        -7.4177440024   2.00
   23     -0.4747089697        -6.4587469114   2.00
   24     -0.4174334322        -5.6794732414   2.00
   25     -0.1625250382        -2.2112665983   0.00
   26     -0.1077775796        -1.4663892057   0.00
   27     -0.0530886025        -0.7223074965   0.00
   28     -0.0347490587        -0.4727852005   0.00
   29     -0.0065231738        -0.0887523331   0.00
   30     -0.0051852574        -0.0705490472   0.00
   31      0.0327496574         0.4455819506   0.00
   32      0.0354449107         0.4822527536   0.00
   33      0.0432703055         0.5887227120   0.00
   34      0.0463816835         0.6310551811   0.00
Hartree CG tol :	1.0e-05 (no prec)

Hartree potential time [sec]: 	2.9970476627349854

 max and min values of charge density [e/bohr^3]   3.37670e-01   2.26247e-18
   ... SCF error =   1.64e-03
   Energy components this iter:
     Sum of eigenvalues      = -594.69384  eV   =  -43.70918  Ry  
     Hartree energy          = 7443.32462  eV   =  547.07407  Ry  
     Exchange-corr. energy   = -543.50112  eV   =  -39.94658  Ry  
     Ion-ion repulsion       = 6189.67161  eV   =  454.93231  Ry  
     Total electronic energy = -1681.35638  eV   = -123.57737  Ry  
     Electronic energy/atom  =  -93.40869  eV   =   -6.86541  Ry  


 SCF iter # 13  ... 
Diagonalization method :	chebsf_cpu (diagmeth=3)
Diagonalization time [sec] :	8.09085988998413

   State  Eigenvalue [Ry]     Eigenvalue [eV]  Occupation

    1     -1.6123413952       -21.9370302018   2.00
    2     -1.5107907283       -20.5553624895   2.00
    3     -1.4123561205       -19.2160909376   2.00
    4     -1.3511656325       -18.3835516329   2.00
    5     -1.3061816963       -17.7715137787   2.00
    6     -1.1410162033       -15.5243219506   2.00
    7     -1.1146415823       -15.1654768206   2.00
    8     -1.0902512612       -14.8336294753   2.00
    9     -0.9516387479       -12.9477094719   2.00
   10     -0.9173014752       -12.4805269076   2.00
   11     -0.9131962003       -12.4246717760   2.00
   12     -0.8101257504       -11.0223263549   2.00
   13     -0.8094502358       -11.0131355082   2.00
   14     -0.7640708410       -10.3957171639   2.00
   15     -0.7607397885       -10.3503958690   2.00
   16     -0.7404851600       -10.0748175099   2.00
   17     -0.7222977787        -9.8273654906   2.00
   18     -0.6657520924        -9.0580219565   2.00
   19     -0.6209757609        -8.4488087092   2.00
   20     -0.6096719204        -8.2950120684   2.00
   21     -0.5926339442        -8.0631985078   2.00
   22     -0.5452432325        -7.4184147940   2.00
   23     -0.4747081293        -6.4587354771   2.00
   24     -0.4174819528        -5.6801333984   2.00
   25     -0.1625964510        -2.2122382185   0.00
   26     -0.1078411434        -1.4672540367   0.00
   27     -0.0532340646        -0.7242866100   0.00
   28     -0.0351682677        -0.4784888322   0.00
   29     -0.0078437253        -0.1067193587   0.00
   30     -0.0068144042        -0.0927147265   0.00
   31      0.0313387573         0.4263856699   0.00
   32      0.0342505348         0.4660024347   0.00
   33      0.0413824025         0.5630364741   0.00
   34      0.0446839040         0.6079557059   0.00
Hartree CG tol :	1.0e-05 (no prec)

Hartree potential time [sec]: 	3.0351855754852295

 max and min values of charge density [e/bohr^3]   3.37629e-01   4.56592e-19
   ... SCF error =   1.03e-03
   Energy components this iter:
     Sum of eigenvalues      = -594.69194  eV   =  -43.70904  Ry  
     Hartree energy          = 7443.20492  eV   =  547.06527  Ry  
     Exchange-corr. energy   = -543.49000  eV   =  -39.94576  Ry  
     Ion-ion repulsion       = 6189.67161  eV   =  454.93231  Ry  
     Total electronic energy = -1681.23831  eV   = -123.56869  Ry  
     Electronic energy/atom  =  -93.40213  eV   =   -6.86493  Ry  


 SCF iter # 14  ... 
Diagonalization method :	chebsf_cpu (diagmeth=3)
Diagonalization time [sec] :	8.088354349136353

   State  Eigenvalue [Ry]     Eigenvalue [eV]  Occupation

    1     -1.6122121531       -21.9352717733   2.00
    2     -1.5108437993       -20.5560845582   2.00
    3     -1.4122062379       -19.2140516797   2.00
    4     -1.3511695288       -18.3836046445   2.00
    5     -1.3061518354       -17.7711075005   2.00
    6     -1.1410142962       -15.5242960032   2.00
    7     -1.1145992514       -15.1649008786   2.00
    8     -1.0900991536       -14.8315599459   2.00
    9     -0.9515986186       -12.9471634842   2.00
   10     -0.9172635759       -12.4800112601   2.00
   11     -0.9132380179       -12.4252407338   2.00
   12     -0.8101128189       -11.0221504139   2.00
   13     -0.8093195668       -11.0113576644   2.00
   14     -0.7640219194       -10.3950515515   2.00
   15     -0.7606260136       -10.3488478826   2.00
   16     -0.7403498081       -10.0729759522   2.00
   17     -0.7223486274        -9.8280573230   2.00
   18     -0.6657865040        -9.0584901497   2.00
   19     -0.6210227766        -8.4494483909   2.00
   20     -0.6096235387        -8.2943538017   2.00
   21     -0.5925201779        -8.0616506380   2.00
   22     -0.5451013974        -7.4164850280   2.00
   23     -0.4746895958        -6.4584833155   2.00
   24     -0.4174293573        -5.6794177987   2.00
   25     -0.1625614114        -2.2117614801   0.00
   26     -0.1078355346        -1.4671777240   0.00
   27     -0.0531540148        -0.7231974764   0.00
   28     -0.0353033344        -0.4803265090   0.00
   29     -0.0088643741        -0.1206059977   0.00
   30     -0.0076785566        -0.1044721230   0.00
   31      0.0303724570         0.4132384788   0.00
   32      0.0334838401         0.4555710186   0.00
   33      0.0399186938         0.5431216944   0.00
   34      0.0434790339         0.5915626073   0.00
Hartree CG tol :	1.0e-05 (no prec)

Hartree potential time [sec]: 	3.030487060546875

 max and min values of charge density [e/bohr^3]   3.37706e-01   1.92060e-19
   ... SCF error =   7.92e-04
   Energy components this iter:
     Sum of eigenvalues      = -594.66012  eV   =  -43.70670  Ry  
     Hartree energy          = 7443.15752  eV   =  547.06179  Ry  
     Exchange-corr. energy   = -543.49190  eV   =  -39.94590  Ry  
     Ion-ion repulsion       = 6189.67161  eV   =  454.93231  Ry  
     Total electronic energy = -1681.15848  eV   = -123.56282  Ry  
     Electronic energy/atom  =  -93.39769  eV   =   -6.86460  Ry  


 SCF iter # 15  ... 
Diagonalization method :	chebsf_cpu (diagmeth=3)
Diagonalization time [sec] :	8.075698614120483

   State  Eigenvalue [Ry]     Eigenvalue [eV]  Occupation

    1     -1.6123425117       -21.9370453927   2.00
    2     -1.5108551485       -20.5562389719   2.00
    3     -1.4123351482       -19.2158055938   2.00
    4     -1.3512097951       -18.3841524954   2.00
    5     -1.3062013008       -17.7717805115   2.00
    6     -1.1410482973       -15.5247586113   2.00
    7     -1.1146559045       -15.1656716842   2.00
    8     -1.0902214694       -14.8332241375   2.00
    9     -0.9516450550       -12.9477952846   2.00
   10     -0.9173062080       -12.4805913002   2.00
   11     -0.9132425341       -12.4253021801   2.00
   12     -0.8101592452       -11.0227820754   2.00
   13     -0.8094149302       -11.0126551502   2.00
   14     -0.7640920516       -10.3960057483   2.00
   15     -0.7607172162       -10.3500887566   2.00
   16     -0.7404688492       -10.0745955891   2.00
   17     -0.7223342993        -9.8278623786   2.00
   18     -0.6657893023        -9.0585282226   2.00
   19     -0.6210203439        -8.4494152924   2.00
   20     -0.6096842033        -8.2951791864   2.00
   21     -0.5926189106        -8.0629939662   2.00
   22     -0.5452174827        -7.4180644496   2.00
   23     -0.4747360350        -6.4591151531   2.00
   24     -0.4174847548        -5.6801715214   2.00
   25     -0.1626196178        -2.2125534196   0.00
   26     -0.1079025267        -1.4680891984   0.00
   27     -0.0532910429        -0.7250618399   0.00
   28     -0.0354602398        -0.4824613165   0.00
   29     -0.0097524853        -0.1326893704   0.00
   30     -0.0083099211        -0.1130622780   0.00
   31      0.0295582758         0.4021609759   0.00
   32      0.0328371759         0.4467727000   0.00
   33      0.0386413353         0.5257423411   0.00
   34      0.0424918978         0.5781319312   0.00
Hartree CG tol :	1.0e-05 (no prec)

Hartree potential time [sec]: 	3.022796869277954

 max and min values of charge density [e/bohr^3]   3.37649e-01   2.25504e-20
   ... SCF error =   5.15e-04
   Energy components this iter:
     Sum of eigenvalues      = -594.69965  eV   =  -43.70960  Ry  
     Hartree energy          = 7443.20182  eV   =  547.06504  Ry  
     Exchange-corr. energy   = -543.49291  eV   =  -39.94598  Ry  
     Ion-ion repulsion       = 6189.67161  eV   =  454.93231  Ry  
     Total electronic energy = -1681.24199  eV   = -123.56896  Ry  
     Electronic energy/atom  =  -93.40233  eV   =   -6.86494  Ry  


 SCF iter # 16  ... 
Diagonalization method :	chebsf_cpu (diagmeth=3)
Diagonalization time [sec] :	8.065048933029175

   State  Eigenvalue [Ry]     Eigenvalue [eV]  Occupation

    1     -1.6123676052       -21.9373868076   2.00
    2     -1.5109314704       -20.5572773852   2.00
    3     -1.4123495189       -19.2160011174   2.00
    4     -1.3512745452       -18.3850334667   2.00
    5     -1.3062498773       -17.7724414298   2.00
    6     -1.1411081943       -15.5255735519   2.00
    7     -1.1147029961       -15.1663123988   2.00
    8     -1.0902377413       -14.8334455286   2.00
    9     -0.9516919354       -12.9484331253   2.00
   10     -0.9173541097       -12.4812430359   2.00
   11     -0.9133141096       -12.4262760146   2.00
   12     -0.8102188763       -11.0235933986   2.00
   13     -0.8094331468       -11.0129029996   2.00
   14     -0.7641374867       -10.3966239255   2.00
   15     -0.7607404483       -10.3504048463   2.00
   16     -0.7404906429       -10.0748921079   2.00
   17     -0.7224079540        -9.8288645029   2.00
   18     -0.6658588284        -9.0594741741   2.00
   19     -0.6210941207        -8.4504190764   2.00
   20     -0.6097288167        -8.2957861822   2.00
   21     -0.5926464165        -8.0633682028   2.00
   22     -0.5452340005        -7.4182891857   2.00
   23     -0.4747943623        -6.4599087371   2.00
   24     -0.4175260697        -5.6807336396   2.00
   25     -0.1626661512        -2.2131865390   0.00
   26     -0.1079661823        -1.4689552776   0.00
   27     -0.0533331859        -0.7256352243   0.00
   28     -0.0355803648        -0.4840957006   0.00
   29     -0.0104583198        -0.1422927411   0.00
   30     -0.0087436325        -0.1189632232   0.00
   31      0.0289281188         0.3935872505   0.00
   32      0.0323205926         0.4397442241   0.00
   33      0.0375669907         0.5111251325   0.00
   34      0.0417114031         0.5675127562   0.00
Hartree CG tol :	1.0e-05 (no prec)

Hartree potential time [sec]: 	3.0253167152404785

 max and min values of charge density [e/bohr^3]   3.37673e-01   1.53431e-20
   ... SCF error =   1.70e-04
   Energy components this iter:
     Sum of eigenvalues      = -594.72937  eV   =  -43.71179  Ry  
     Hartree energy          = 7443.20344  eV   =  547.06516  Ry  
     Exchange-corr. energy   = -543.49437  eV   =  -39.94608  Ry  
     Ion-ion repulsion       = 6189.67161  eV   =  454.93231  Ry  
     Total electronic energy = -1681.27287  eV   = -123.57123  Ry  
     Electronic energy/atom  =  -93.40405  eV   =   -6.86507  Ry  


 Total Energies 

 Sum of eigenvalues      = -594.72937  eV   =  -43.71179  Ry  
 Hartree energy          = 7443.20344  eV   =  547.06516  Ry  
 Exchange-corr. energy   = -543.49437  eV   =  -39.94608  Ry  
 Ion-ion repulsion       = 6189.67161  eV   =  454.93231  Ry  
 Total electronic energy = -1681.27287  eV   = -123.57123  Ry  
 Electronic energy/atom  =  -93.40405  eV   =   -6.86507  Ry  
