Solver backend: cpu
Density initialization: sad

 Number of states: 	16

Atom data:
 -------------
 Total # of atom types is 2
 There are 1 O atoms
 and their coordinates are:

	x [a.u.]    	y [a.u.]    	z [a.u.]    
	   -0.407343	    0.262036	    0.513023

	x [Ang]     	y [Ang]     	z [Ang]     
	   -0.215557	    0.138663	    0.271480

 There are 2 H atoms
 and their coordinates are:

	x [a.u.]    	y [a.u.]    	z [a.u.]    
	    1.425691	    0.262036	    0.513023
	   -1.018348	   -0.524071	   -1.026046

	x [Ang]     	y [Ang]     	z [Ang]     
	    0.754443	    0.138663	    0.271480
	   -0.538887	   -0.277327	   -0.542960

 --------------------------------------------------
 Total number of atoms :         3

 Number of states:                       16 
 h grid spacing :                   0.37795 a.u.   (   0.20000 Ang)
 Hamiltonian size :                  140608  
 Sphere Radius :                    9.63760 a.u.   (   5.10000 Ang)
 # grid points in each direction         52  
 Polynomial degree used :                10  
 Finite difference order :                8  
 --------------------------------------------------
 --------------------------------------------------
 Initial density electron count
 Initial density integrates to :     7.996785 e-
 Normalized density integrates to:  8.000000 e- (target 8.000000)
 --------------------------------------------------
 max and min values of charge density [e/bohr^3]   9.34024e-01   0.00000e+00
 Initial Hartree energy (eV) =  540.70951  
 Initial Exchange-corr. energy (eV) = -105.31894  

 Setup timings [sec]
 --------------------------------------------------
 Laplacian construction                  0.102512
 Ion-ion repulsion setup                 0.000000
 Diagonal ionic potential setup          2.652615
 Nonlocal ionic potential setup          0.745456
 Exchange-correlation setup              0.056929

----------------------------------

 max and min values of charge density [e/bohr^3]   1.22913e+00   1.24026e-12


 SCF iter # 1  ... 
Diagonalization method :	first_filt_cpu (diagmeth=3)
Diagonalization time [sec] :	4.814860582351685

   State  Eigenvalue [Ry]     Eigenvalue [eV]  Occupation

    1     -2.1862075279       -29.7448795339   2.00
    2     -1.3184792813       -17.9388310078   2.00
    3     -1.0161060039       -13.8248314927   2.00
    4     -0.8704982092       -11.8437358014   2.00
    5     -0.1353157887        -1.8410657651   0.00
    6      0.0226638518         0.3083575252   0.00
    7      0.1134295093         1.5432876556   0.00
    8      0.1223592617         1.6647831705   0.00
    9      0.1613450436         2.1952119478   0.00
   10      0.2046495354         2.7843997875   0.00
   11      0.2099458300         2.8564595726   0.00
   12      0.2179775703         2.9657370064   0.00
   13      0.2637952473         3.5891184858   0.00
   14      0.2686731522         3.6554857874   0.00
   15      0.3252414780         4.4251373483   0.00
   16      0.3500301466         4.7624044885   0.00
Hartree CG tol :	1.0e-05 (no prec)

Hartree potential time [sec]: 	0.608299970626831

   ... SCF error =   3.28e-01
   Energy components this iter:
     Sum of eigenvalues      = -146.70456  eV   =  -10.78258  Ry  
     Hartree energy          =  623.90549  eV   =   45.85619  Ry  
     Exchange-corr. energy   = -119.65118  eV   =   -8.79420  Ry  
     Ion-ion repulsion       =  187.23057  eV   =   13.76119  Ry  
     Total electronic energy = -546.18349  eV   =  -40.14373  Ry  
     Electronic energy/atom  = -182.06116  eV   =  -13.38124  Ry  
 max and min values of charge density [e/bohr^3]   1.00618e+00   1.15760e-12


 SCF iter # 2  ... 
Diagonalization method :	chebsf_cpu (diagmeth=3)
Diagonalization time [sec] :	0.828282356262207

   State  Eigenvalue [Ry]     Eigenvalue [eV]  Occupation

    1     -1.8068035566       -24.5828236559   2.00
    2     -0.9934369326       -13.5164029520   2.00
    3     -0.6375195731        -8.6738988230   2.00
    4     -0.4911729111        -6.6827503260   2.00
    5     -0.0659550596        -0.8973646268   0.00
    6      0.0663223003         0.9023611928   0.00
    7      0.1207821954         1.6433260825   0.00
    8      0.1314084196         1.7879032798   0.00
    9      0.1764908456         2.4012811570   0.00
   10      0.1998576285         2.7192025494   0.00
   11      0.2021930220         2.7509772082   0.00
   12      0.2112496914         2.8741995172   0.00
   13      0.2394832410         3.2583366688   0.00
   14      0.2556085088         3.4777321939   0.00
   15      0.3104235564         4.2235291807   0.00
   16      0.3343519205         4.5490912780   0.00
Hartree CG tol :	1.0e-05 (no prec)

Hartree potential time [sec]: 	0.5953187942504883

   ... SCF error =   7.01e-02
   Energy components this iter:
     Sum of eigenvalues      = -106.91175  eV   =   -7.85787  Ry  
     Hartree energy          =  564.14962  eV   =   41.46422  Ry  
     Exchange-corr. energy   = -109.09265  eV   =   -8.01816  Ry  
     Ion-ion repulsion       =  187.23057  eV   =   13.76119  Ry  
     Total electronic energy = -450.02224  eV   =  -33.07601  Ry  
     Electronic energy/atom  = -150.00741  eV   =  -11.02534  Ry  
 max and min values of charge density [e/bohr^3]   1.09121e+00   8.17945e-15


 SCF iter # 3  ... 
Diagonalization method :	chebsf_cpu (diagmeth=3)
Diagonalization time [sec] :	0.8049967288970947

   State  Eigenvalue [Ry]     Eigenvalue [eV]  Occupation

    1     -1.8775562181       -25.5454630058   2.00
    2     -1.0449456479       -14.2172149808   2.00
    3     -0.7087505141        -9.6430454996   2.00
    4     -0.5642766262        -7.6773774014   2.00
    5     -0.0751366641        -1.0222867658   0.00
    6      0.0504762691         0.6867648762   0.00
    7      0.1034321824         1.4072670445   0.00
    8      0.1113387184         1.5148409855   0.00
    9      0.1631351139         2.2195671035   0.00
   10      0.1857153698         2.5267872477   0.00
   11      0.1880846932         2.5590235467   0.00
   12      0.1966604580         2.6757028132   0.00
   13      0.2160229714         2.9391433249   0.00
   14      0.2342494122         3.1871267747   0.00
   15      0.2859452671         3.8904849670   0.00
   16      0.3098624627         4.2158951099   0.00
Hartree CG tol :	1.0e-05 (no prec)

Hartree potential time [sec]: 	0.5990564823150635

   ... SCF error =   4.68e-02
   Energy components this iter:
     Sum of eigenvalues      = -114.16620  eV   =   -8.39106  Ry  
     Hartree energy          =  582.00749  eV   =   42.77675  Ry  
     Exchange-corr. energy   = -112.28016  eV   =   -8.25244  Ry  
     Ion-ion repulsion       =  187.23057  eV   =   13.76119  Ry  
     Total electronic energy = -474.11001  eV   =  -34.84643  Ry  
     Electronic energy/atom  = -158.03667  eV   =  -11.61548  Ry  
 max and min values of charge density [e/bohr^3]   1.06775e+00   6.08977e-15


 SCF iter # 4  ... 
Diagonalization method :	chebsf_cpu (diagmeth=3)
Diagonalization time [sec] :	0.7736730575561523

   State  Eigenvalue [Ry]     Eigenvalue [eV]  Occupation

    1     -1.8486099988       -25.1516294858   2.00
    2     -1.0192583644       -13.8677215568   2.00
    3     -0.6810127122        -9.2656533419   2.00
    4     -0.5366708077        -7.3017809709   2.00
    5     -0.0686432087        -0.9339387714   0.00
    6      0.0532252091         0.7241661251   0.00
    7      0.1018065342         1.3851489655   0.00
    8      0.1063568242         1.4470588377   0.00
    9      0.1633018286         2.2218353731   0.00
   10      0.1833644272         2.4948010321   0.00
   11      0.1868050951         2.5416137205   0.00
   12      0.1940551951         2.6402563921   0.00
   13      0.2098380445         2.8549930757   0.00
   14      0.2281274500         3.1038332051   0.00
   15      0.2806174481         3.8179962708   0.00
   16      0.2991944780         4.0707497309   0.00
Hartree CG tol :	1.0e-05 (no prec)

Hartree potential time [sec]: 	0.5999102592468262

   ... SCF error =   2.49e-02
   Energy components this iter:
     Sum of eigenvalues      = -111.17357  eV   =   -8.17110  Ry  
     Hartree energy          =  577.41621  eV   =   42.43929  Ry  
     Exchange-corr. energy   = -111.44600  eV   =   -8.19113  Ry  
     Ion-ion repulsion       =  187.23057  eV   =   13.76119  Ry  
     Total electronic energy = -466.79407  eV   =  -34.30872  Ry  
     Electronic energy/atom  = -155.59802  eV   =  -11.43624  Ry  
 max and min values of charge density [e/bohr^3]   1.07609e+00   2.11442e-16


 SCF iter # 5  ... 
Diagonalization method :	chebsf_cpu (diagmeth=3)
Diagonalization time [sec] :	0.7612125873565674

   State  Eigenvalue [Ry]     Eigenvalue [eV]  Occupation

    1     -1.8438630712       -25.0870442214   2.00
    2     -1.0138115211       -13.7936134521   2.00
    3     -0.6770764794        -9.2120981457   2.00
    4     -0.5327534242        -7.2484822331   2.00
    5     -0.0664435553        -0.9040109522   0.00
    6      0.0542392537         0.7379629094   0.00
    7      0.1009055991         1.3728911149   0.00
    8      0.1026201750         1.3962191161   0.00
    9      0.1634577344         2.2239565811   0.00
   10      0.1828966687         2.4884368515   0.00
   11      0.1870926848         2.5455265795   0.00
   12      0.1927211196         2.6221053643   0.00
   13      0.2072367399         2.8196005116   0.00
   14      0.2248559106         3.0593216283   0.00
   15      0.2780245501         3.7827180842   0.00
   16      0.2939997089         4.0000712702   0.00
Hartree CG tol :	1.0e-05 (no prec)

Hartree potential time [sec]: 	0.5922293663024902

   ... SCF error =   1.04e-02
   Energy components this iter:
     Sum of eigenvalues      = -110.68248  eV   =   -8.13501  Ry  
     Hartree energy          =  578.30510  eV   =   42.50463  Ry  
     Exchange-corr. energy   = -111.61364  eV   =   -8.20345  Ry  
     Ion-ion repulsion       =  187.23057  eV   =   13.76119  Ry  
     Total electronic energy = -467.13728  eV   =  -34.33394  Ry  
     Electronic energy/atom  = -155.71243  eV   =  -11.44465  Ry  
 max and min values of charge density [e/bohr^3]   1.06837e+00   5.35068e-16


 SCF iter # 6  ... 
Diagonalization method :	chebsf_cpu (diagmeth=3)
Diagonalization time [sec] :	0.790747880935669

   State  Eigenvalue [Ry]     Eigenvalue [eV]  Occupation

    1     -1.8353912845       -24.9717796502   2.00
    2     -1.0066861804       -13.6966682175   2.00
    3     -0.6687348752        -9.0986047975   2.00
    4     -0.5244241124        -7.1351561317   2.00
    5     -0.0649927487        -0.8842717153   0.00
    6      0.0551397761         0.7502151456   0.00
    7      0.0994295941         1.3528090355   0.00
    8      0.1016754180         1.3833650383   0.00
    9      0.1633343962         2.2222784783   0.00
   10      0.1821437266         2.4781925491   0.00
   11      0.1868819880         2.5426599032   0.00
   12      0.1913529282         2.6034901653   0.00
   13      0.2057919824         2.7999435775   0.00
   14      0.2230062408         3.0341555793   0.00
   15      0.2760377372         3.7556861071   0.00
   16      0.2896464944         3.9408427481   0.00
Hartree CG tol :	1.0e-05 (no prec)

Hartree potential time [sec]: 	0.6086652278900146

   ... SCF error =   3.95e-03
   Energy components this iter:
     Sum of eigenvalues      = -109.80442  eV   =   -8.07047  Ry  
     Hartree energy          =  576.57034  eV   =   42.37712  Ry  
     Exchange-corr. energy   = -111.30404  eV   =   -8.18069  Ry  
     Ion-ion repulsion       =  187.23057  eV   =   13.76119  Ry  
     Total electronic energy = -464.62379  eV   =  -34.14921  Ry  
     Electronic energy/atom  = -154.87460  eV   =  -11.38307  Ry  
 max and min values of charge density [e/bohr^3]   1.07056e+00   4.75385e-17


 SCF iter # 7  ... 
Diagonalization method :	chebsf_cpu (diagmeth=3)
Diagonalization time [sec] :	0.7944357395172119

   State  Eigenvalue [Ry]     Eigenvalue [eV]  Occupation

    1     -1.8385458555       -25.0146997903   2.00
    2     -1.0094156063       -13.7338039624   2.00
    3     -0.6718140105        -9.1404985828   2.00
    4     -0.5275082630        -7.1771181540   2.00
    5     -0.0657273459        -0.8942664230   0.00
    6      0.0541905454         0.7373001983   0.00
    7      0.0975046761         1.3266191830   0.00
    8      0.1005866006         1.3685509178   0.00
    9      0.1622104294         2.2069861257   0.00
   10      0.1808270839         2.4602787056   0.00
   11      0.1857546368         2.5273215025   0.00
   12      0.1896825463         2.5807634534   0.00
   13      0.2040876364         2.7767547604   0.00
   14      0.2213913955         3.0121844810   0.00
   15      0.2730548771         3.7151022138   0.00
   16      0.2855040181         3.8844814668   0.00
Hartree CG tol :	1.0e-05 (no prec)

Hartree potential time [sec]: 	0.5920095443725586

   ... SCF error =   3.05e-03
   Energy components this iter:
     Sum of eigenvalues      = -110.13224  eV   =   -8.09457  Ry  
     Hartree energy          =  577.01867  eV   =   42.41007  Ry  
     Exchange-corr. energy   = -111.38484  eV   =   -8.18663  Ry  
     Ion-ion repulsion       =  187.23057  eV   =   13.76119  Ry  
     Total electronic energy = -465.37398  eV   =  -34.20434  Ry  
     Electronic energy/atom  = -155.12466  eV   =  -11.40145  Ry  
 max and min values of charge density [e/bohr^3]   1.07040e+00   7.54347e-18


 SCF iter # 8  ... 
Diagonalization method :	chebsf_cpu (diagmeth=3)
Diagonalization time [sec] :	0.76883864402771

   State  Eigenvalue [Ry]     Eigenvalue [eV]  Occupation

    1     -1.8393867775       -25.0261411213   2.00
    2     -1.0101677211       -13.7440370087   2.00
    3     -0.6726642273        -9.1520663766   2.00
    4     -0.5283610262        -7.1887205917   2.00
    5     -0.0659462079        -0.8972441931   0.00
    6      0.0539457883         0.7339701074   0.00
    7      0.0965892647         1.3141643713   0.00
    8      0.1002812976         1.3643970569   0.00
    9      0.1617483734         2.2006995316   0.00
   10      0.1801781471         2.4514494675   0.00
   11      0.1853024828         2.5211696318   0.00
   12      0.1888960625         2.5700627922   0.00
   13      0.2033521938         2.7667485499   0.00
   14      0.2206827560         3.0025429467   0.00
   15      0.2711727317         3.6894943119   0.00
   16      0.2828618434         3.8485328358   0.00
Hartree CG tol :	1.0e-05 (no prec)

Hartree potential time [sec]: 	0.588984489440918

   ... SCF error =   1.03e-03
   Energy components this iter:
     Sum of eigenvalues      = -110.22193  eV   =   -8.10116  Ry  
     Hartree energy          =  577.07692  eV   =   42.41436  Ry  
     Exchange-corr. energy   = -111.39388  eV   =   -8.18730  Ry  
     Ion-ion repulsion       =  187.23057  eV   =   13.76119  Ry  
     Total electronic energy = -465.51906  eV   =  -34.21501  Ry  
     Electronic energy/atom  = -155.17302  eV   =  -11.40500  Ry  
 max and min values of charge density [e/bohr^3]   1.07058e+00   3.54583e-19


 SCF iter # 9  ... 
Diagonalization method :	chebsf_cpu (diagmeth=3)
Diagonalization time [sec] :	0.7894814014434814

   State  Eigenvalue [Ry]     Eigenvalue [eV]  Occupation

    1     -1.8390926345       -25.0221391001   2.00
    2     -1.0098774261       -13.7400873438   2.00
    3     -0.6723865135        -9.1482878857   2.00
    4     -0.5280893332        -7.1850240201   2.00
    5     -0.0658467836        -0.8958914564   0.00
    6      0.0539800028         0.7344356191   0.00
    7      0.0962197693         1.3091371297   0.00
    8      0.1002260003         1.3636446983   0.00
    9      0.1615804659         2.1984150321   0.00
   10      0.1798417226         2.4468721767   0.00
   11      0.1851138360         2.5186029611   0.00
   12      0.1885400240         2.5652186402   0.00
   13      0.2030081547         2.7620676576   0.00
   14      0.2203582588         2.9981279351   0.00
   15      0.2699839801         3.6733205163   0.00
   16      0.2810709037         3.8241658507   0.00
Hartree CG tol :	1.0e-05 (no prec)

Hartree potential time [sec]: 	0.598242998123169

   ... SCF error =   6.57e-04
   Energy components this iter:
     Sum of eigenvalues      = -110.19108  eV   =   -8.09889  Ry  
     Hartree energy          =  577.08134  eV   =   42.41468  Ry  
     Exchange-corr. energy   = -111.39501  eV   =   -8.18738  Ry  
     Ion-ion repulsion       =  187.23057  eV   =   13.76119  Ry  
     Total electronic energy = -465.49224  eV   =  -34.21304  Ry  
     Electronic energy/atom  = -155.16408  eV   =  -11.40435  Ry  
 max and min values of charge density [e/bohr^3]   1.07026e+00   3.01984e-18


 SCF iter # 10  ... 
Diagonalization method :	chebsf_cpu (diagmeth=3)
Diagonalization time [sec] :	0.7876050472259521

   State  Eigenvalue [Ry]     Eigenvalue [eV]  Occupation

    1     -1.8386875530       -25.0166276844   2.00
    2     -1.0095391262       -13.7354845367   2.00
    3     -0.6719876236        -9.1428607108   2.00
    4     -0.5276945876        -7.1796532294   2.00
    5     -0.0657721487        -0.8948759960   0.00
    6      0.0540231690         0.7350229259   0.00
    7      0.0960548716         1.3068935806   0.00
    8      0.1002354822         1.3637737065   0.00
    9      0.1614880944         2.1971582541   0.00
   10      0.1796436136         2.4441767667   0.00
   11      0.1850080093         2.5171631138   0.00
   12      0.1883259045         2.5623053946   0.00
   13      0.2028214441         2.7595273294   0.00
   14      0.2201956826         2.9959159732   0.00
   15      0.2691097091         3.6614254481   0.00
   16      0.2798215817         3.8071679524   0.00
Hartree CG tol :	1.0e-05 (no prec)

Hartree potential time [sec]: 	0.5652973651885986

   ... SCF error =   5.46e-04
   Energy components this iter:
     Sum of eigenvalues      = -110.14925  eV   =   -8.09582  Ry  
     Hartree energy          =  577.00115  eV   =   42.40879  Ry  
     Exchange-corr. energy   = -111.38083  eV   =   -8.18634  Ry  
     Ion-ion repulsion       =  187.23057  eV   =   13.76119  Ry  
     Total electronic energy = -465.37477  eV   =  -34.20440  Ry  
     Electronic energy/atom  = -155.12492  eV   =  -11.40147  Ry  
 max and min values of charge density [e/bohr^3]   1.07044e+00   1.11599e-17


 SCF iter # 11  ... 
Diagonalization method :	chebsf_cpu (diagmeth=3)
Diagonalization time [sec] :	0.7738659381866455

   State  Eigenvalue [Ry]     Eigenvalue [eV]  Occupation

    1     -1.8389566556       -25.0202890132   2.00
    2     -1.0097676772       -13.7385941326   2.00
    3     -0.6722519807        -9.1464574738   2.00
    4     -0.5279566424        -7.1832186691   2.00
    5     -0.0658267488        -0.8956188690   0.00
    6      0.0539623613         0.7341955951   0.00
    7      0.0959220011         1.3050857845   0.00
    8      0.1001671855         1.3628444821   0.00
    9      0.1613892702         2.1958136811   0.00
   10      0.1794826971         2.4419873844   0.00
   11      0.1848867674         2.5155135333   0.00
   12      0.1881864610         2.5604081679   0.00
   13      0.2026518205         2.7572194827   0.00
   14      0.2200396410         2.9937929175   0.00
   15      0.2684787484         3.6528407878   0.00
   16      0.2790281738         3.7963730843   0.00
Hartree CG tol :	1.0e-05 (no prec)

Hartree potential time [sec]: 	0.5923821926116943

   ... SCF error =   1.43e-04
   Energy components this iter:
     Sum of eigenvalues      = -110.17712  eV   =   -8.09787  Ry  
     Hartree energy          =  577.04631  eV   =   42.41211  Ry  
     Exchange-corr. energy   = -111.38884  eV   =   -8.18693  Ry  
     Ion-ion repulsion       =  187.23057  eV   =   13.76119  Ry  
     Total electronic energy = -465.44523  eV   =  -34.20958  Ry  
     Electronic energy/atom  = -155.14841  eV   =  -11.40319  Ry  


 Total Energies 

 Sum of eigenvalues      = -110.17712  eV   =   -8.09787  Ry  
 Hartree energy          =  577.04631  eV   =   42.41211  Ry  
 Exchange-corr. energy   = -111.38884  eV   =   -8.18693  Ry  
 Ion-ion repulsion       =  187.23057  eV   =   13.76119  Ry  
 Total electronic energy = -465.44523  eV   =  -34.20958  Ry  
 Electronic energy/atom  = -155.14841  eV   =  -11.40319  Ry  
