Solver backend: gpu
Density initialization: sad

 Number of states: 	34

Atom data:
 -------------
 Total # of atom types is 2
 There are 8 H atoms
 and their coordinates are:

	x [a.u.]    	y [a.u.]    	z [a.u.]    
	    0.000000	    4.689002	    2.307218
	    0.000000	    2.343727	    6.341868
	    0.000000	   -2.343727	    6.341868
	    0.000000	   -4.689002	    2.307218
	    0.000000	    4.689002	   -2.307218
	    0.000000	   -4.689002	   -2.307218
	    0.000000	   -2.343727	   -6.341868
	    0.000000	    2.343727	   -6.341868

	x [Ang]     	y [Ang]     	z [Ang]     
	    0.000000	    2.481313	    1.220927
	    0.000000	    1.240247	    3.355972
	    0.000000	   -1.240247	    3.355972
	    0.000000	   -2.481313	    1.220927
	    0.000000	    2.481313	   -1.220927
	    0.000000	   -2.481313	   -1.220927
	    0.000000	   -1.240247	   -3.355972
	    0.000000	    1.240247	   -3.355972

 There are 10 C atoms
 and their coordinates are:

	x [a.u.]    	y [a.u.]    	z [a.u.]    
	    0.000000	    2.622481	    2.322101
	    0.000000	    1.322995	    4.548730
	    0.000000	   -1.322995	    4.548730
	    0.000000	   -2.622481	    2.322101
	    0.000000	   -1.341866	    0.000000
	    0.000000	    1.341866	    0.000000
	    0.000000	    2.622481	   -2.322101
	    0.000000	   -2.622481	   -2.322101
	    0.000000	   -1.322995	   -4.548730
	    0.000000	    1.322995	   -4.548730

	x [Ang]     	y [Ang]     	z [Ang]     
	    0.000000	    1.387757	    1.228803
	    0.000000	    0.700099	    2.407084
	    0.000000	   -0.700099	    2.407084
	    0.000000	   -1.387757	    1.228803
	    0.000000	   -0.710085	    0.000000
	    0.000000	    0.710085	    0.000000
	    0.000000	    1.387757	   -1.228803
	    0.000000	   -1.387757	   -1.228803
	    0.000000	   -0.700099	   -2.407084
	    0.000000	    0.700099	   -2.407084

 --------------------------------------------------
 Total number of atoms :         18

 Number of states:                       34 
 h grid spacing :                   0.37795 a.u.   (   0.20000 Ang)
 Hamiltonian size :                  778688  
 Sphere Radius :                   17.19651 a.u.   (   9.10000 Ang)
 # grid points in each direction         92  
 Polynomial degree used :                10  
 Finite difference order :                8  
 --------------------------------------------------
 --------------------------------------------------
 Initial density electron count
 Initial density integrates to :     47.974198 e-
 Normalized density integrates to:  48.000000 e- (target 48.000000)
 --------------------------------------------------
 max and min values of charge density [e/bohr^3]   2.60587e-01   0.00000e+00
 Initial Hartree energy (eV) = 7183.00138  
 Initial Exchange-corr. energy (eV) = -507.65070  

 Setup timings [sec]
 --------------------------------------------------
 Laplacian construction                  0.635984
 Ion-ion repulsion setup                 0.000000
 Diagonal ionic potential setup        154.109158
 Nonlocal ionic potential setup         17.787946
 Exchange-correlation setup              0.188693

----------------------------------



 SCF iter # 1  ... 
Diagonalization method :	first_filt_gpu (diagmeth=3)
Diagonalization time [sec] :	1.8573501110076904

   State  Eigenvalue [Ry]     Eigenvalue [eV]  Occupation

    1     -2.0436222553       -27.8049073669   2.00
    2     -1.9495756626       -26.5253378223   2.00
    3     -1.8397815228       -25.0315119060   2.00
    4     -1.7808742523       -24.2300373706   2.00
    5     -1.7433817387       -23.7199255500   2.00
    6     -1.5593007803       -21.2153756108   2.00
    7     -1.5486649275       -21.0706674087   2.00
    8     -1.4918364286       -20.2974760120   2.00
    9     -1.3482416868       -18.3437693109   2.00
   10     -1.3410613537       -18.2460758662   2.00
   11     -1.3226021528       -17.9949255528   2.00
   12     -1.2271330357       -16.6960015700   2.00
   13     -1.2040736675       -16.3822627696   2.00
   14     -1.1774793863       -16.0204290093   2.00
   15     -1.1484359503       -15.6252727876   2.00
   16     -1.1047216654       -15.0305094262   2.00
   17     -1.0739264488       -14.6115190078   2.00
   18     -1.0548155308       -14.3515016271   2.00
   19     -1.0271416903       -13.9749797086   2.00
   20     -0.9868207574       -13.4263852703   2.00
   21     -0.9512459636       -12.9423653669   2.00
   22     -0.8715997338       -11.8587228129   2.00
   23     -0.7940235138       -10.8032441860   2.00
   24     -0.7287158370        -9.9146876542   2.00
   25     -0.4194179475        -5.7064739576   0.00
   26     -0.3845701814        -5.2323457729   0.00
   27     -0.2914633453        -3.9655622733   0.00
   28     -0.0952660739        -1.2961614380   0.00
   29     -0.0342901498        -0.4665414249   0.00
   30      0.0136532271         0.1857616859   0.00
   31      0.0300735608         0.4091717877   0.00
   32      0.0768280253         1.0452989150   0.00
   33      0.0913480893         1.2428545216   0.00
   34      0.1128091514         1.5348472532   0.00
Hartree CG tol :	1.0e-05 (no prec)

Hartree potential time [sec]: 	0.3598783016204834

 max and min values of charge density [e/bohr^3]   3.81315e-01   6.06994e-11
   ... SCF error =   4.22e-01
   Energy components this iter:
     Sum of eigenvalues      = -852.23578  eV   =  -62.63815  Ry  
     Hartree energy          = 7616.55676  eV   =  559.80639  Ry  
     Exchange-corr. energy   = -564.31879  eV   =  -41.47665  Ry  
     Ion-ion repulsion       = 6189.67161  eV   =  454.93231  Ry  
     Total electronic energy = -2105.23283  eV   = -154.73170  Ry  
     Electronic energy/atom  = -116.95738  eV   =   -8.59621  Ry  


 SCF iter # 2  ... 
Diagonalization method :	chebsf_gpu (diagmeth=3)
Diagonalization time [sec] :	0.2984964847564697

   State  Eigenvalue [Ry]     Eigenvalue [eV]  Occupation

    1     -1.6693722010       -22.7129741261   2.00
    2     -1.5784213543       -21.4755243674   2.00
    3     -1.4776440859       -20.1043792815   2.00
    4     -1.4237170219       -19.3706639320   2.00
    5     -1.3790422678       -18.7628327159   2.00
    6     -1.2217226028       -16.6223888547   2.00
    7     -1.1946759224       -16.2543998868   2.00
    8     -1.1637195349       -15.8332166250   2.00
    9     -1.0365464687       -14.1029382850   2.00
   10     -1.0081548691       -13.7166507525   2.00
   11     -0.9979760051       -13.5781602022   2.00
   12     -0.8930181265       -12.1501349965   2.00
   13     -0.8881549835       -12.0839685416   2.00
   14     -0.8438194990       -11.4807533258   2.00
   15     -0.8356590271       -11.3697244088   2.00
   16     -0.8150585890       -11.0894410678   2.00
   17     -0.7825748920       -10.6474776952   2.00
   18     -0.7534453273       -10.2511496322   2.00
   19     -0.6863223314        -9.3378944174   2.00
   20     -0.6743497849        -9.1749995636   2.00
   21     -0.6686090231        -9.0968924924   2.00
   22     -0.5864574313        -7.9791627391   2.00
   23     -0.5198723674        -7.0732264635   2.00
   24     -0.4599398077        -6.2578021515   2.00
   25     -0.1912103444        -2.6015502135   0.00
   26     -0.1443196386        -1.9635694279   0.00
   27     -0.0675216243        -0.9186788327   0.00
   28     -0.0163104068        -0.2219144709   0.00
   29      0.0125640230         0.1709423038   0.00
   30      0.0477316380         0.6494222542   0.00
   31      0.0696175322         0.9471951231   0.00
   32      0.0802262127         1.0915336275   0.00
   33      0.0838889629         1.1413678998   0.00
   34      0.1284033358         1.7470170177   0.00
Hartree CG tol :	1.0e-05 (no prec)

Hartree potential time [sec]: 	0.38785576820373535

 max and min values of charge density [e/bohr^3]   3.49076e-01   9.94088e-12
   ... SCF error =   1.01e-01
   Energy components this iter:
     Sum of eigenvalues      = -641.05347  eV   =  -47.11655  Ry  
     Hartree energy          = 7476.06761  eV   =  549.48063  Ry  
     Exchange-corr. energy   = -548.57880  eV   =  -40.31978  Ry  
     Ion-ion repulsion       = 6189.67161  eV   =  454.93231  Ry  
     Total electronic energy = -1758.70104  eV   = -129.26210  Ry  
     Electronic energy/atom  =  -97.70561  eV   =   -7.18123  Ry  


 SCF iter # 3  ... 
Diagonalization method :	chebsf_gpu (diagmeth=3)
Diagonalization time [sec] :	0.3241567611694336

   State  Eigenvalue [Ry]     Eigenvalue [eV]  Occupation

    1     -1.6120109558       -21.9325343438   2.00
    2     -1.5013102293       -20.4263736833   2.00
    3     -1.4150794744       -19.2531440687   2.00
    4     -1.3455128670       -18.3066418120   2.00
    5     -1.3036355972       -17.7368723240   2.00
    6     -1.1397396326       -15.5069533151   2.00
    7     -1.1142147779       -15.1596698494   2.00
    8     -1.0983052254       -14.9432092807   2.00
    9     -0.9572136402       -13.0235597734   2.00
   10     -0.9230916500       -12.5593062773   2.00
   11     -0.9110365510       -12.3952882400   2.00
   12     -0.8231630325       -11.1997076797   2.00
   13     -0.8085271716       -11.0005765751   2.00
   14     -0.7707715631       -10.4868851648   2.00
   15     -0.7619695663       -10.3671278552   2.00
   16     -0.7397336364       -10.0645925058   2.00
   17     -0.7256705761        -9.8732547537   2.00
   18     -0.6671414971        -9.0769257773   2.00
   19     -0.6113877296        -8.3183568508   2.00
   20     -0.6103130579        -8.3037351915   2.00
   21     -0.5993946195        -8.1551822148   2.00
   22     -0.5437816381        -7.3985287824   2.00
   23     -0.4660267234        -6.3406188891   2.00
   24     -0.4104611278        -5.5846101721   2.00
   25     -0.1478692442        -2.0118642901   0.00
   26     -0.0956946015        -1.3019918550   0.00
   27     -0.0402788073        -0.5480212903   0.00
   28     -0.0138030117        -0.1877996101   0.00
   29      0.0150031215         0.2041279406   0.00
   30      0.0524764657         0.7139789479   0.00
   31      0.0615708083         0.8377138273   0.00
   32      0.0650859773         0.8855401557   0.00
   33      0.0958888978         1.3046353910   0.00
   34      0.1089981645         1.4829961164   0.00
Hartree CG tol :	1.0e-05 (no prec)

Hartree potential time [sec]: 	0.345794677734375

 max and min values of charge density [e/bohr^3]   3.38646e-01   1.52447e-12
   ... SCF error =   6.04e-02
   Energy components this iter:
     Sum of eigenvalues      = -594.82733  eV   =  -43.71899  Ry  
     Hartree energy          = 7446.62545  eV   =  547.31668  Ry  
     Exchange-corr. energy   = -544.09119  eV   =  -39.98995  Ry  
     Ion-ion repulsion       = 6189.67161  eV   =  454.93231  Ry  
     Total electronic energy = -1684.47801  eV   = -123.80681  Ry  
     Electronic energy/atom  =  -93.58211  eV   =   -6.87816  Ry  


 SCF iter # 4  ... 
Diagonalization method :	chebsf_gpu (diagmeth=3)
Diagonalization time [sec] :	0.3127119541168213

   State  Eigenvalue [Ry]     Eigenvalue [eV]  Occupation

    1     -1.6083933115       -21.8833137677   2.00
    2     -1.5108959675       -20.5567943427   2.00
    3     -1.4088870287       -19.1688915215   2.00
    4     -1.3517212868       -18.3911116972   2.00
    5     -1.3057950735       -17.7662535062   2.00
    6     -1.1431003809       -15.5526786416   2.00
    7     -1.1153305769       -15.1748510730   2.00
    8     -1.0898058414       -14.8275692293   2.00
    9     -0.9551962018       -12.9961111155   2.00
   10     -0.9217683077       -12.5413012812   2.00
   11     -0.9169096351       -12.4751956485   2.00
   12     -0.8131877780       -11.0639873784   2.00
   13     -0.8113263845       -11.0386618211   2.00
   14     -0.7640063167       -10.3948392650   2.00
   15     -0.7622412443       -10.3708242236   2.00
   16     -0.7367421389       -10.0238910939   2.00
   17     -0.7297676802        -9.9289987147   2.00
   18     -0.6711203456        -9.1310607881   2.00
   19     -0.6216831803        -8.4584336443   2.00
   20     -0.6105396152        -8.3068176611   2.00
   21     -0.5938749313        -8.0800830047   2.00
   22     -0.5406934619        -7.3565119888   2.00
   23     -0.4733730555        -6.4405708651   2.00
   24     -0.4145728946        -5.6405536299   2.00
   25     -0.1559555084        -2.1218835584   0.00
   26     -0.1035266742        -1.4085526711   0.00
   27     -0.0426877812        -0.5807970615   0.00
   28     -0.0226934645        -0.3087604265   0.00
   29      0.0024980744         0.0339880465   0.00
   30      0.0424890555         0.5780932608   0.00
   31      0.0477315225         0.6494206830   0.00
   32      0.0519074760         0.7062374463   0.00
   33      0.0835500062         1.1367561571   0.00
   34      0.0887342915         1.2072919782   0.00
Hartree CG tol :	1.0e-05 (no prec)

Hartree potential time [sec]: 	0.39289045333862305

 max and min values of charge density [e/bohr^3]   3.40416e-01   1.73697e-13
   ... SCF error =   6.13e-02
   Energy components this iter:
     Sum of eigenvalues      = -595.13861  eV   =  -43.74187  Ry  
     Hartree energy          = 7438.18282  eV   =  546.69616  Ry  
     Exchange-corr. energy   = -543.38696  eV   =  -39.93819  Ry  
     Ion-ion repulsion       = 6189.67161  eV   =  454.93231  Ry  
     Total electronic energy = -1676.56800  eV   = -123.22543  Ry  
     Electronic energy/atom  =  -93.14267  eV   =   -6.84586  Ry  


 SCF iter # 5  ... 
Diagonalization method :	chebsf_gpu (diagmeth=3)
Diagonalization time [sec] :	0.30933141708374023

   State  Eigenvalue [Ry]     Eigenvalue [eV]  Occupation

    1     -1.6372567415       -22.2760208817   2.00
    2     -1.5279426575       -20.7887264597   2.00
    3     -1.4358545542       -19.5358035308   2.00
    4     -1.3683102131       -18.6168156199   2.00
    5     -1.3251560926       -18.0296736868   2.00
    6     -1.1586396694       -15.7641015094   2.00
    7     -1.1338232756       -15.4264571476   2.00
    8     -1.1121330261       -15.1313461627   2.00
    9     -0.9707819819       -13.2081665343   2.00
   10     -0.9352261424       -12.7244045170   2.00
   11     -0.9297194481       -12.6494820968   2.00
   12     -0.8321784139       -11.3223682361   2.00
   13     -0.8270534277       -11.2526392217   2.00
   14     -0.7844526172       -10.6730254563   2.00
   15     -0.7815407515       -10.6334074906   2.00
   16     -0.7609608769       -10.3534039317   2.00
   17     -0.7371459007       -10.0293845559   2.00
   18     -0.6810588241        -9.2662807254   2.00
   19     -0.6340742111        -8.6270222679   2.00
   20     -0.6274906993        -8.5374489938   2.00
   21     -0.6118169427        -8.3241965939   2.00
   22     -0.5643076897        -7.6778000419   2.00
   23     -0.4884281158        -6.6454054711   2.00
   24     -0.4331243634        -5.8929593138   2.00
   25     -0.1753697842        -2.3860283342   0.00
   26     -0.1204141676        -1.6383188078   0.00
   27     -0.0645614564        -0.8784036830   0.00
   28     -0.0260543227        -0.3544872482   0.00
   29     -0.0014038925        -0.0191009379   0.00
   30      0.0269240867         0.3663209948   0.00
   31      0.0421976484         0.5741284637   0.00
   32      0.0461418740         0.6277924065   0.00
   33      0.0713311359         0.9705098981   0.00
   34      0.0813159496         1.1063602577   0.00
Hartree CG tol :	1.0e-05 (no prec)

Hartree potential time [sec]: 	0.37011265754699707

 max and min values of charge density [e/bohr^3]   3.41352e-01   6.54694e-14
   ... SCF error =   5.94e-02
   Energy components this iter:
     Sum of eigenvalues      = -606.77271  eV   =  -44.59695  Ry  
     Hartree energy          = 7454.14755  eV   =  547.86954  Ry  
     Exchange-corr. energy   = -544.40308  eV   =  -40.01287  Ry  
     Ion-ion repulsion       = 6189.67161  eV   =  454.93231  Ry  
     Total electronic energy = -1703.84910  eV   = -125.23055  Ry  
     Electronic energy/atom  =  -94.65828  eV   =   -6.95725  Ry  


 SCF iter # 6  ... 
Diagonalization method :	chebsf_gpu (diagmeth=3)
Diagonalization time [sec] :	0.2961761951446533

   State  Eigenvalue [Ry]     Eigenvalue [eV]  Occupation

    1     -1.6323744059       -22.2095932968   2.00
    2     -1.5230515003       -20.7221788523   2.00
    3     -1.4198043346       -19.3174290899   2.00
    4     -1.3507095575       -18.3773464147   2.00
    5     -1.3131613731       -17.8664771549   2.00
    6     -1.1364302635       -15.4619270385   2.00
    7     -1.1184893847       -15.2178288576   2.00
    8     -1.0837470293       -14.7451348606   2.00
    9     -0.9468617439       -12.8827149981   2.00
   10     -0.9111591578       -12.3969563905   2.00
   11     -0.9024422765       -12.2783571358   2.00
   12     -0.8070076108       -10.9799018895   2.00
   13     -0.7862600684       -10.6976170922   2.00
   14     -0.7632969618       -10.3851879967   2.00
   15     -0.7579981089       -10.3130934038   2.00
   16     -0.7456384301       -10.1449313466   2.00
   17     -0.6941702962        -9.4446714564   2.00
   18     -0.6377267241        -8.6767172574   2.00
   19     -0.6312124729        -8.5880863220   2.00
   20     -0.5940993428        -8.0831362797   2.00
   21     -0.5697497129        -7.7518425675   2.00
   22     -0.5537971854        -7.5347972946   2.00
   23     -0.4769737124        -6.4895603169   2.00
   24     -0.4309068620        -5.8627886592   2.00
   25     -0.1658434272        -2.2564155965   0.00
   26     -0.1105688810        -1.5043668109   0.00
   27     -0.0502087958        -0.6831257161   0.00
   28      0.0155495647         0.2115626828   0.00
   29      0.0489101149         0.6654562559   0.00
   30      0.0723370463         0.9841960105   0.00
   31      0.0965977237         1.3142794620   0.00
   32      0.1073589921         1.4606940312   0.00
   33      0.1157245785         1.5745136739   0.00
   34      0.1288519353         1.7531205265   0.00
Hartree CG tol :	1.0e-05 (no prec)

Hartree potential time [sec]: 	0.38105297088623047

 max and min values of charge density [e/bohr^3]   3.54765e-01   2.37478e-14
   ... SCF error =   5.25e-01
   Energy components this iter:
     Sum of eigenvalues      = -592.85651  eV   =  -43.57413  Ry  
     Hartree energy          = 7488.60512  eV   =  550.40212  Ry  
     Exchange-corr. energy   = -546.68848  eV   =  -40.18085  Ry  
     Ion-ion repulsion       = 6189.67161  eV   =  454.93231  Ry  
     Total electronic energy = -1723.65806  eV   = -126.68648  Ry  
     Electronic energy/atom  =  -95.75878  eV   =   -7.03814  Ry  


 SCF iter # 7  ... 
Diagonalization method :	chebsf_gpu (diagmeth=3)
Diagonalization time [sec] :	0.3161029815673828

   State  Eigenvalue [Ry]     Eigenvalue [eV]  Occupation

    1     -1.6109094620       -21.9175477513   2.00
    2     -1.5105000734       -20.5514079278   2.00
    3     -1.4102654457       -19.1876458472   2.00
    4     -1.3502528667       -18.3711328177   2.00
    5     -1.3048553467       -17.7534678667   2.00
    6     -1.1396323442       -15.5054935821   2.00
    7     -1.1131051779       -15.1445729659   2.00
    8     -1.0874541998       -14.7955735030   2.00
    9     -0.9494545460       -12.9179918799   2.00
   10     -0.9150003791       -12.4492188881   2.00
   11     -0.9119813442       -12.4081428113   2.00
   12     -0.8087130785       -11.0031059681   2.00
   13     -0.8059511781       -10.9655283848   2.00
   14     -0.7624992132       -10.3743340706   2.00
   15     -0.7575902343       -10.3075439854   2.00
   16     -0.7392084599       -10.0574471126   2.00
   17     -0.7203422189        -9.8007587342   2.00
   18     -0.6637971997        -9.0314242765   2.00
   19     -0.6209000945        -8.4477792150   2.00
   20     -0.6075990796        -8.2668096223   2.00
   21     -0.5896970034        -8.0232393782   2.00
   22     -0.5436944962        -7.3973431548   2.00
   23     -0.4741105735        -6.4506053133   2.00
   24     -0.4164852500        -5.6665725604   2.00
   25     -0.1609537452        -2.1898880604   0.00
   26     -0.1063791513        -1.4473626137   0.00
   27     -0.0495335907        -0.6739390788   0.00
   28     -0.0253110360        -0.3443743140   0.00
   29     -0.0017824100        -0.0242509318   0.00
   30      0.0183730219         0.2499777879   0.00
   31      0.0417372733         0.5678647391   0.00
   32      0.0448052734         0.6096070218   0.00
   33      0.0647257417         0.8806388993   0.00
   34      0.0726003423         0.9877783373   0.00
Hartree CG tol :	1.0e-05 (no prec)

Hartree potential time [sec]: 	0.41958022117614746

 max and min values of charge density [e/bohr^3]   3.38482e-01   6.99256e-15
   ... SCF error =   1.55e-02
   Energy components this iter:
     Sum of eigenvalues      = -593.58936  eV   =  -43.62800  Ry  
     Hartree energy          = 7451.24949  eV   =  547.65654  Ry  
     Exchange-corr. energy   = -543.94690  eV   =  -39.97935  Ry  
     Ion-ion repulsion       = 6189.67161  eV   =  454.93231  Ry  
     Total electronic energy = -1687.90578  eV   = -124.05874  Ry  
     Electronic energy/atom  =  -93.77254  eV   =   -6.89215  Ry  


 SCF iter # 8  ... 
Diagonalization method :	chebsf_gpu (diagmeth=3)
Diagonalization time [sec] :	0.42362475395202637

   State  Eigenvalue [Ry]     Eigenvalue [eV]  Occupation

    1     -1.6028125286       -21.8073833207   2.00
    2     -1.5018857718       -20.4342043401   2.00
    3     -1.4040007591       -19.1024104131   2.00
    4     -1.3428255320       -18.2700787432   2.00
    5     -1.2982008457       -17.6629287359   2.00
    6     -1.1335368156       -15.4225596603   2.00
    7     -1.1071760654       -15.0639032523   2.00
    8     -1.0828105211       -14.7323930131   2.00
    9     -0.9448398352       -12.8552055180   2.00
   10     -0.9110140204       -12.3949816960   2.00
   11     -0.9059286118       -12.3257911609   2.00
   12     -0.8032612801       -10.9289304446   2.00
   13     -0.8020941019       -10.9130501711   2.00
   14     -0.7557189465       -10.2820838082   2.00
   15     -0.7537153363       -10.2548232937   2.00
   16     -0.7324141264        -9.9650054630   2.00
   17     -0.7162870169        -9.7455848801   2.00
   18     -0.6591062546        -8.9676006932   2.00
   19     -0.6136917472        -8.3497046178   2.00
   20     -0.6021477580        -8.1926405866   2.00
   21     -0.5853828788        -7.9645427017   2.00
   22     -0.5375955105        -7.3143621973   2.00
   23     -0.4670819640        -6.3549761745   2.00
   24     -0.4102054238        -5.5811311417   2.00
   25     -0.1553887129        -2.1141719104   0.00
   26     -0.1005450636        -1.3679857776   0.00
   27     -0.0456676446        -0.6213401837   0.00
   28     -0.0282363221        -0.3841748731   0.00
   29     -0.0054266565        -0.0738334492   0.00
   30      0.0097369421         0.1324778947   0.00
   31      0.0375734158         0.5112125505   0.00
   32      0.0399046503         0.5429306234   0.00
   33      0.0584697537         0.7955218150   0.00
   34      0.0647539347         0.8810224847   0.00
Hartree CG tol :	1.0e-05 (no prec)

Hartree potential time [sec]: 	0.38804101943969727

 max and min values of charge density [e/bohr^3]   3.37560e-01   2.19530e-15
   ... SCF error =   1.48e-02
   Energy components this iter:
     Sum of eigenvalues      = -589.77252  eV   =  -43.34747  Ry  
     Hartree energy          = 7441.42897  eV   =  546.93474  Ry  
     Exchange-corr. energy   = -543.23718  eV   =  -39.92719  Ry  
     Ion-ion repulsion       = 6189.67161  eV   =  454.93231  Ry  
     Total electronic energy = -1674.49346  eV   = -123.07295  Ry  
     Electronic energy/atom  =  -93.02741  eV   =   -6.83739  Ry  


 SCF iter # 9  ... 
Diagonalization method :	chebsf_gpu (diagmeth=3)
Diagonalization time [sec] :	0.3187711238861084

   State  Eigenvalue [Ry]     Eigenvalue [eV]  Occupation

    1     -1.6089210510       -21.8904940323   2.00
    2     -1.5067136288       -20.4998907050   2.00
    3     -1.4093670845       -19.1754230159   2.00
    4     -1.3478363752       -18.3382547638   2.00
    5     -1.3028084040       -17.7256177822   2.00
    6     -1.1380391121       -15.4838165464   2.00
    7     -1.1117401123       -15.1260002959   2.00
    8     -1.0880383253       -14.8035209384   2.00
    9     -0.9491615295       -12.9140051868   2.00
   10     -0.9151455760       -12.4511943935   2.00
   11     -0.9101336598       -12.3830037755   2.00
   12     -0.8076765537       -10.9890033250   2.00
   13     -0.8071749806       -10.9821790730   2.00
   14     -0.7608874440       -10.3524048255   2.00
   15     -0.7585136294       -10.3201074211   2.00
   16     -0.7374299169       -10.0332487936   2.00
   17     -0.7200108767        -9.7962505920   2.00
   18     -0.6631682515        -9.0228669971   2.00
   19     -0.6173473597        -8.3994417773   2.00
   20     -0.6069811583        -8.2584023710   2.00
   21     -0.5905306339        -8.0345815039   2.00
   22     -0.5422422290        -7.3775840462   2.00
   23     -0.4715255797        -6.4154346677   2.00
   24     -0.4141562581        -5.6348849999   2.00
   25     -0.1593488604        -2.1680524815   0.00
   26     -0.1048469469        -1.4265159026   0.00
   27     -0.0502452701        -0.6836219747   0.00
   28     -0.0312642679        -0.4253721888   0.00
   29     -0.0079370886        -0.1079896311   0.00
   30      0.0034728723         0.0472508521   0.00
   31      0.0346425809         0.4713364959   0.00
   32      0.0366653316         0.4988574309   0.00
   33      0.0523858033         0.7127454228   0.00
   34      0.0585444048         0.7965374952   0.00
Hartree CG tol :	1.0e-05 (no prec)

Hartree potential time [sec]: 	0.3790409564971924

 max and min values of charge density [e/bohr^3]   3.37602e-01   3.17452e-16
   ... SCF error =   1.25e-02
   Energy components this iter:
     Sum of eigenvalues      = -592.81519  eV   =  -43.57110  Ry  
     Hartree energy          = 7441.52979  eV   =  546.94215  Ry  
     Exchange-corr. energy   = -543.25726  eV   =  -39.92866  Ry  
     Ion-ion repulsion       = 6189.67161  eV   =  454.93231  Ry  
     Total electronic energy = -1677.63150  eV   = -123.30360  Ry  
     Electronic energy/atom  =  -93.20175  eV   =   -6.85020  Ry  


 SCF iter # 10  ... 
Diagonalization method :	chebsf_gpu (diagmeth=3)
Diagonalization time [sec] :	0.34523439407348633

   State  Eigenvalue [Ry]     Eigenvalue [eV]  Occupation

    1     -1.6116787195       -21.9280140372   2.00
    2     -1.5161316395       -20.6280293151   2.00
    3     -1.4117021561       -19.2071932946   2.00
    4     -1.3537431955       -18.4186211773   2.00
    5     -1.3093595505       -17.8147507036   2.00
    6     -1.1437393427       -15.5613721628   2.00
    7     -1.1166145802       -15.1923208337   2.00
    8     -1.0880228281       -14.8033100881   2.00
    9     -0.9530438185       -12.9668264378   2.00
   10     -0.9183412790       -12.4946741640   2.00
   11     -0.9172728658       -12.4801376558   2.00
   12     -0.8118427396       -11.0456871918   2.00
   13     -0.8077197075       -10.9895904621   2.00
   14     -0.7657734156       -10.4188818792   2.00
   15     -0.7598592639       -10.3384157172   2.00
   16     -0.7399498224       -10.0675338679   2.00
   17     -0.7255347371        -9.8714065695   2.00
   18     -0.6687707901        -9.0990934455   2.00
   19     -0.6264343858        -8.5230771110   2.00
   20     -0.6108092666        -8.3104864568   2.00
   21     -0.5907230973        -8.0372001028   2.00
   22     -0.5451435447        -7.4170584715   2.00
   23     -0.4769071639        -6.4886548770   2.00
   24     -0.4205235541        -5.7215165065   2.00
   25     -0.1653983146        -2.2503595290   0.00
   26     -0.1096890867        -1.4923965944   0.00
   27     -0.0519991219        -0.7074843523   0.00
   28     -0.0317916386        -0.4325474356   0.00
   29     -0.0083486121        -0.1135886957   0.00
   30      0.0016432703         0.0223578389   0.00
   31      0.0352284908         0.4793082095   0.00
   32      0.0370413214         0.5039730349   0.00
   33      0.0495218113         0.6737788123   0.00
   34      0.0567829907         0.7725722267   0.00
Hartree CG tol :	1.0e-05 (no prec)

Hartree potential time [sec]: 	0.3869497776031494

 max and min values of charge density [e/bohr^3]   3.40316e-01   1.67248e-16
   ... SCF error =   2.13e-02
   Energy components this iter:
     Sum of eigenvalues      = -595.64764  eV   =  -43.77928  Ry  
     Hartree energy          = 7444.19768  eV   =  547.13824  Ry  
     Exchange-corr. energy   = -543.63739  eV   =  -39.95660  Ry  
     Ion-ion repulsion       = 6189.67161  eV   =  454.93231  Ry  
     Total electronic energy = -1683.01344  eV   = -123.69916  Ry  
     Electronic energy/atom  =  -93.50075  eV   =   -6.87218  Ry  


 SCF iter # 11  ... 
Diagonalization method :	chebsf_gpu (diagmeth=3)
Diagonalization time [sec] :	0.3031647205352783

   State  Eigenvalue [Ry]     Eigenvalue [eV]  Occupation

    1     -1.6151857376       -21.9757294664   2.00
    2     -1.5120722055       -20.5727978826   2.00
    3     -1.4149458408       -19.2513258902   2.00
    4     -1.3528085947       -18.4059052806   2.00
    5     -1.3077437878       -17.7927671240   2.00
    6     -1.1424431801       -15.5437369658   2.00
    7     -1.1163053513       -15.1881135587   2.00
    8     -1.0926870108       -14.8667695491   2.00
    9     -0.9530510902       -12.9669253753   2.00
   10     -0.9186716676       -12.4991693308   2.00
   11     -0.9142249227       -12.4386682621   2.00
   12     -0.8119002581       -11.0464697709   2.00
   13     -0.8112569451       -11.0377170494   2.00
   14     -0.7660404444       -10.4225149925   2.00
   15     -0.7626848817       -10.3768602197   2.00
   16     -0.7428966165       -10.1076270578   2.00
   17     -0.7229514122        -9.8362586308   2.00
   18     -0.6666698456        -9.0705086287   2.00
   19     -0.6217694879        -8.4596079184   2.00
   20     -0.6114061475        -8.3186074383   2.00
   21     -0.5947945118        -8.0925945388   2.00
   22     -0.5474772453        -7.4488100980   2.00
   23     -0.4762353301        -6.4795141098   2.00
   24     -0.4189012647        -5.6994441265   2.00
   25     -0.1639403403        -2.2305227707   0.00
   26     -0.1093140170        -1.4872935097   0.00
   27     -0.0549791567        -0.7480298060   0.00
   28     -0.0340080298        -0.4627029859   0.00
   29     -0.0099322023        -0.1351345454   0.00
   30     -0.0032613820        -0.0443733787   0.00
   31      0.0317559205         0.4320614661   0.00
   32      0.0336539447         0.4578854107   0.00
   33      0.0446318239         0.6072471201   0.00
   34      0.0506521761         0.6891582150   0.00
Hartree CG tol :	1.0e-05 (no prec)

Hartree potential time [sec]: 	0.3939659595489502

 max and min values of charge density [e/bohr^3]   3.37508e-01   4.05422e-17
   ... SCF error =   5.36e-03
   Energy components this iter:
     Sum of eigenvalues      = -595.79688  eV   =  -43.79025  Ry  
     Hartree energy          = 7444.96863  eV   =  547.19490  Ry  
     Exchange-corr. energy   = -543.50702  eV   =  -39.94701  Ry  
     Ion-ion repulsion       = 6189.67161  eV   =  454.93231  Ry  
     Total electronic energy = -1683.96916  eV   = -123.76941  Ry  
     Electronic energy/atom  =  -93.55384  eV   =   -6.87608  Ry  


 SCF iter # 12  ... 
Diagonalization method :	chebsf_gpu (diagmeth=3)
Diagonalization time [sec] :	0.31281185150146484

   State  Eigenvalue [Ry]     Eigenvalue [eV]  Occupation

    1     -1.6121034622       -21.9337929581   2.00
    2     -1.5109558105       -20.5576085494   2.00
    3     -1.4119991064       -19.2112335112   2.00
    4     -1.3512552977       -18.3847715901   2.00
    5     -1.3060866594       -17.7702207363   2.00
    6     -1.1410454512       -15.5247198881   2.00
    7     -1.1145571470       -15.1643280197   2.00
    8     -1.0898958445       -14.8287937831   2.00
    9     -0.9515263438       -12.9461801359   2.00
   10     -0.9172167182       -12.4793737289   2.00
   11     -0.9133113027       -12.4262378243   2.00
   12     -0.8101636767       -11.0228423697   2.00
   13     -0.8090860844       -11.0081809733   2.00
   14     -0.7639715075       -10.3943656627   2.00
   15     -0.7604194880       -10.3460379566   2.00
   16     -0.7402577400       -10.0717233017   2.00
   17     -0.7224233150        -9.8290735004   2.00
   18     -0.6658406854        -9.0592273252   2.00
   19     -0.6211592555        -8.4513052813   2.00
   20     -0.6095581651        -8.2934643477   2.00
   21     -0.5923810601        -8.0597578441   2.00
   22     -0.5449419022        -7.4143149843   2.00
   23     -0.4747932553        -6.4598936758   2.00
   24     -0.4173673987        -5.6785748098   2.00
   25     -0.1625136584        -2.2111117679   0.00
   26     -0.1079080030        -1.4681637082   0.00
   27     -0.0529089943        -0.7198638008   0.00
   28     -0.0343025662        -0.4667103586   0.00
   29     -0.0104733398        -0.1424970993   0.00
   30     -0.0047159744        -0.0641641244   0.00
   31      0.0309364405         0.4209118680   0.00
   32      0.0327994004         0.4462587384   0.00
   33      0.0423975363         0.5768480781   0.00
   34      0.0481707826         0.6553971240   0.00
Hartree CG tol :	1.0e-05 (no prec)

Hartree potential time [sec]: 	0.40784716606140137

 max and min values of charge density [e/bohr^3]   3.37944e-01   6.48476e-18
   ... SCF error =   2.06e-03
   Energy components this iter:
     Sum of eigenvalues      = -594.63208  eV   =  -43.70464  Ry  
     Hartree energy          = 7443.36570  eV   =  547.07709  Ry  
     Exchange-corr. energy   = -543.41394  eV   =  -39.94017  Ry  
     Ion-ion repulsion       = 6189.67161  eV   =  454.93231  Ry  
     Total electronic energy = -1681.23518  eV   = -123.56846  Ry  
     Electronic energy/atom  =  -93.40195  eV   =   -6.86491  Ry  


 SCF iter # 13  ... 
Diagonalization method :	chebsf_gpu (diagmeth=3)
Diagonalization time [sec] :	0.33973026275634766

   State  Eigenvalue [Ry]     Eigenvalue [eV]  Occupation

    1     -1.6127928495       -21.9431725539   2.00
    2     -1.5108101368       -20.5556265563   2.00
    3     -1.4127879143       -19.2219657929   2.00
    4     -1.3512789011       -18.3850927313   2.00
    5     -1.3063287735       -17.7735148671   2.00
    6     -1.1411058903       -15.5255422044   2.00
    7     -1.1148085594       -15.1677486608   2.00
    8     -1.0906617641       -14.8392146551   2.00
    9     -0.9517812729       -12.9496486238   2.00
   10     -0.9174247980       -12.4822048000   2.00
   11     -0.9131823778       -12.4244837117   2.00
   12     -0.8102845550       -11.0244870023   2.00
   13     -0.8097563386       -11.0173002500   2.00
   14     -0.7642999291       -10.3988340678   2.00
   15     -0.7610549927       -10.3546844420   2.00
   16     -0.7408705950       -10.0800616213   2.00
   17     -0.7222227454        -9.8263446106   2.00
   18     -0.6657356620        -9.0577984087   2.00
   19     -0.6209220290        -8.4480776494   2.00
   20     -0.6098667383        -8.2976627021   2.00
   21     -0.5929659605        -8.0677158220   2.00
   22     -0.5456106663        -7.4234139869   2.00
   23     -0.4748297036        -6.4603895795   2.00
   24     -0.4176322520        -5.6821783230   2.00
   25     -0.1627494693        -2.2143201394   0.00
   26     -0.1080234200        -1.4697340363   0.00
   27     -0.0535659604        -0.7288022835   0.00
   28     -0.0348342992        -0.4739449578   0.00
   29     -0.0108792037        -0.1480191604   0.00
   30     -0.0062624379        -0.0852048393   0.00
   31      0.0299467705         0.4074467177   0.00
   32      0.0319915675         0.4352676076   0.00
   33      0.0400533229         0.5449534181   0.00
   34      0.0458906256         0.6243739955   0.00
Hartree CG tol :	1.0e-05 (no prec)

Hartree potential time [sec]: 	0.3813443183898926

 max and min values of charge density [e/bohr^3]   3.37613e-01   2.74323e-18
   ... SCF error =   2.07e-03
   Energy components this iter:
     Sum of eigenvalues      = -594.81433  eV   =  -43.71803  Ry  
     Hartree energy          = 7443.49965  eV   =  547.08694  Ry  
     Exchange-corr. energy   = -543.40985  eV   =  -39.93987  Ry  
     Ion-ion repulsion       = 6189.67161  eV   =  454.93231  Ry  
     Total electronic energy = -1681.55640  eV   = -123.59207  Ry  
     Electronic energy/atom  =  -93.41980  eV   =   -6.86623  Ry  


 SCF iter # 14  ... 
Diagonalization method :	chebsf_gpu (diagmeth=3)
Diagonalization time [sec] :	0.33690905570983887

   State  Eigenvalue [Ry]     Eigenvalue [eV]  Occupation

    1     -1.6122933626       -21.9363766856   2.00
    2     -1.5109295845       -20.5572517257   2.00
    3     -1.4122867584       -19.2151472177   2.00
    4     -1.3512630463       -18.3848770152   2.00
    5     -1.3062412739       -17.7723243738   2.00
    6     -1.1411111355       -15.5256135691   2.00
    7     -1.1146941185       -15.1661916123   2.00
    8     -1.0901994705       -14.8329248276   2.00
    9     -0.9517046809       -12.9486065366   2.00
   10     -0.9173726439       -12.4814952076   2.00
   11     -0.9133372307       -12.4265905931   2.00
   12     -0.8102159500       -11.0235535841   2.00
   13     -0.8094242811       -11.0127823762   2.00
   14     -0.7641136646       -10.3962998090   2.00
   15     -0.7607302666       -10.3502663166   2.00
   16     -0.7404263020       -10.0740167045   2.00
   17     -0.7224640250        -9.8296273880   2.00
   18     -0.6658936143        -9.0599474601   2.00
   19     -0.6211071014        -8.4505956888   2.00
   20     -0.6097235084        -8.2957139585   2.00
   21     -0.5926232338        -8.0630527859   2.00
   22     -0.5451757312        -7.4174963914   2.00
   23     -0.4747754335        -6.4596511979   2.00
   24     -0.4175099730        -5.6805146329   2.00
   25     -0.1626526415        -2.2130027304   0.00
   26     -0.1079584509        -1.4688500868   0.00
   27     -0.0532480851        -0.7244773682   0.00
   28     -0.0351643302        -0.4784352588   0.00
   29     -0.0113145644        -0.1539425468   0.00
   30     -0.0072277789        -0.0983389774   0.00
   31      0.0292025544         0.3973211376   0.00
   32      0.0313758776         0.4268907166   0.00
   33      0.0381721631         0.5193589252   0.00
   34      0.0442686789         0.6023062785   0.00
Hartree CG tol :	1.0e-05 (no prec)

Hartree potential time [sec]: 	0.3970334529876709

 max and min values of charge density [e/bohr^3]   3.37744e-01   4.52114e-19
   ... SCF error =   7.89e-04
   Energy components this iter:
     Sum of eigenvalues      = -594.72186  eV   =  -43.71124  Ry  
     Hartree energy          = 7443.17820  eV   =  547.06331  Ry  
     Exchange-corr. energy   = -543.39740  eV   =  -39.93896  Ry  
     Ion-ion repulsion       = 6189.67161  eV   =  454.93231  Ry  
     Total electronic energy = -1681.14241  eV   = -123.56164  Ry  
     Electronic energy/atom  =  -93.39680  eV   =   -6.86454  Ry  


 SCF iter # 15  ... 
Diagonalization method :	chebsf_gpu (diagmeth=3)
Diagonalization time [sec] :	0.33855462074279785

   State  Eigenvalue [Ry]     Eigenvalue [eV]  Occupation

    1     -1.6122268438       -21.9354716511   2.00
    2     -1.5108108521       -20.5556362878   2.00
    3     -1.4122278690       -19.2143459865   2.00
    4     -1.3511558771       -18.3834189041   2.00
    5     -1.3061429262       -17.7709862851   2.00
    6     -1.1410042048       -15.5241587019   2.00
    7     -1.1145983934       -15.1648892060   2.00
    8     -1.0901293755       -14.8319711354   2.00
    9     -0.9516012073       -12.9471987052   2.00
   10     -0.9172696471       -12.4800938638   2.00
   11     -0.9132170677       -12.4249556921   2.00
   12     -0.8101066947       -11.0220670893   2.00
   13     -0.8093481064       -11.0117459658   2.00
   14     -0.7640205026       -10.3950322742   2.00
   15     -0.7606468201       -10.3491309687   2.00
   16     -0.7403728366       -10.0732892709   2.00
   17     -0.7223337293        -9.8278546233   2.00
   18     -0.6657705903        -9.0582736329   2.00
   19     -0.6210004091        -8.4491440654   2.00
   20     -0.6096276641        -8.2944099303   2.00
   21     -0.5925422311        -8.0619506875   2.00
   22     -0.5451255441        -7.4168135607   2.00
   23     -0.4746878147        -6.4584590826   2.00
   24     -0.4174314141        -5.6794457839   2.00
   25     -0.1625771075        -2.2119750378   0.00
   26     -0.1078808829        -1.4677947201   0.00
   27     -0.0532308854        -0.7242433548   0.00
   28     -0.0353373475        -0.4807892810   0.00
   29     -0.0115244370        -0.1567980101   0.00
   30     -0.0079056323        -0.1075616455   0.00
   31      0.0286311377         0.3895466146   0.00
   32      0.0309760571         0.4214508795   0.00
   33      0.0366836376         0.4991064978   0.00
   34      0.0430335961         0.5855021156   0.00
Hartree CG tol :	1.0e-05 (no prec)

Hartree potential time [sec]: 	0.4078066349029541

 max and min values of charge density [e/bohr^3]   3.37672e-01   1.87746e-19
   ... SCF error =   6.14e-04
   Energy components this iter:
     Sum of eigenvalues      = -594.66144  eV   =  -43.70679  Ry  
     Hartree energy          = 7443.13189  eV   =  547.05991  Ry  
     Exchange-corr. energy   = -543.39099  eV   =  -39.93849  Ry  
     Ion-ion repulsion       = 6189.67161  eV   =  454.93231  Ry  
     Total electronic energy = -1681.03636  eV   = -123.55385  Ry  
     Electronic energy/atom  =  -93.39091  eV   =   -6.86410  Ry  


 SCF iter # 16  ... 
Diagonalization method :	chebsf_gpu (diagmeth=3)
Diagonalization time [sec] :	0.34813666343688965

   State  Eigenvalue [Ry]     Eigenvalue [eV]  Occupation

    1     -1.6123280525       -21.9368486659   2.00
    2     -1.5108689070       -20.5564261656   2.00
    3     -1.4123222828       -19.2156305515   2.00
    4     -1.3512206078       -18.3842996097   2.00
    5     -1.3062086105       -17.7718799661   2.00
    6     -1.1410621405       -15.5249469577   2.00
    7     -1.1146636009       -15.1657763993   2.00
    8     -1.0902136564       -14.8331178368   2.00
    9     -0.9516551495       -12.9479326265   2.00
   10     -0.9173198342       -12.4807766945   2.00
   11     -0.9132618904       -12.4255655361   2.00
   12     -0.8101683855       -11.0229064358   2.00
   13     -0.8094142079       -11.0126453235   2.00
   14     -0.7640949488       -10.3960451667   2.00
   15     -0.7607164383       -10.3500781733   2.00
   16     -0.7404609323       -10.0744878739   2.00
   17     -0.7223604918        -9.8282187456   2.00
   18     -0.6658105254        -9.0588169780   2.00
   19     -0.6210414767        -8.4497028188   2.00
   20     -0.6096922159        -8.2952882030   2.00
   21     -0.5926163197        -8.0629587142   2.00
   22     -0.5452113748        -7.4179813471   2.00
   23     -0.4747471213        -6.4592659906   2.00
   24     -0.4174937010        -5.6802932400   2.00
   25     -0.1626375020        -2.2127967458   0.00
   26     -0.1079412922        -1.4686166309   0.00
   27     -0.0533231460        -0.7254986238   0.00
   28     -0.0354937799        -0.4829176529   0.00
   29     -0.0117246173        -0.1595216034   0.00
   30     -0.0084351050        -0.1147654914   0.00
   31      0.0281610321         0.3831505003   0.00
   32      0.0306505244         0.4170217809   0.00
   33      0.0354710221         0.4826080172   0.00
   34      0.0420365930         0.5719371915   0.00
Hartree CG tol :	1.0e-05 (no prec)

Hartree potential time [sec]: 	0.370236873626709

 max and min values of charge density [e/bohr^3]   3.37659e-01   2.04878e-20
   ... SCF error =   3.67e-04
   Energy components this iter:
     Sum of eigenvalues      = -594.70374  eV   =  -43.70990  Ry  
     Hartree energy          = 7443.17529  eV   =  547.06310  Ry  
     Exchange-corr. energy   = -543.39240  eV   =  -39.93859  Ry  
     Ion-ion repulsion       = 6189.67161  eV   =  454.93231  Ry  
     Total electronic energy = -1681.11998  eV   = -123.55999  Ry  
     Electronic energy/atom  =  -93.39555  eV   =   -6.86444  Ry  


 SCF iter # 17  ... 
Diagonalization method :	chebsf_gpu (diagmeth=3)
Diagonalization time [sec] :	0.35170578956604004

   State  Eigenvalue [Ry]     Eigenvalue [eV]  Occupation

    1     -1.6124194860       -21.9380926829   2.00
    2     -1.5109121799       -20.5570149246   2.00
    3     -1.4124050140       -19.2167561679   2.00
    4     -1.3512734175       -18.3850181227   2.00
    5     -1.3062582016       -17.7725546872   2.00
    6     -1.1411089897       -15.5255843745   2.00
    7     -1.1147166491       -15.1664981562   2.00
    8     -1.0902897120       -14.8341526253   2.00
    9     -0.9517001510       -12.9485449034   2.00
   10     -0.9173644185       -12.4813832947   2.00
   11     -0.9132964611       -12.4260358945   2.00
   12     -0.8102235794       -11.0236573874   2.00
   13     -0.8094737530       -11.0134554753   2.00
   14     -0.7641589046       -10.3969153298   2.00
   15     -0.7607778907       -10.3509142759   2.00
   16     -0.7405388951       -10.0755486133   2.00
   17     -0.7223841548        -9.8285406978   2.00
   18     -0.6658409238        -9.0592305690   2.00
   19     -0.6210716367        -8.4501131660   2.00
   20     -0.6097486019        -8.2960553738   2.00
   21     -0.5926853418        -8.0638978092   2.00
   22     -0.5452833176        -7.4189601792   2.00
   23     -0.4747990370        -6.4599723392   2.00
   24     -0.4175408185        -5.6809343061   2.00
   25     -0.1626832336        -2.2134189570   0.00
   26     -0.1079927906        -1.4693173027   0.00
   27     -0.0533982031        -0.7265198287   0.00
   28     -0.0356027260        -0.4843999409   0.00
   29     -0.0118819270        -0.1616619116   0.00
   30     -0.0088184616        -0.1199813254   0.00
   31      0.0277994163         0.3782304650   0.00
   32      0.0304039977         0.4136676134   0.00
   33      0.0345216915         0.4696917113   0.00
   34      0.0412528515         0.5612738417   0.00
Hartree CG tol :	1.0e-05 (no prec)

Hartree potential time [sec]: 	0.38489556312561035

 max and min values of charge density [e/bohr^3]   3.37653e-01   6.62888e-21
   ... SCF error =   1.59e-04
   Energy components this iter:
     Sum of eigenvalues      = -594.73962  eV   =  -43.71254  Ry  
     Hartree energy          = 7443.22051  eV   =  547.06642  Ry  
     Exchange-corr. energy   = -543.39545  eV   =  -39.93882  Ry  
     Ion-ion repulsion       = 6189.67161  eV   =  454.93231  Ry  
     Total electronic energy = -1681.20132  eV   = -123.56597  Ry  
     Electronic energy/atom  =  -93.40007  eV   =   -6.86478  Ry  


 Total Energies 

 Sum of eigenvalues      = -594.73962  eV   =  -43.71254  Ry  
 Hartree energy          = 7443.22051  eV   =  547.06642  Ry  
 Exchange-corr. energy   = -543.39545  eV   =  -39.93882  Ry  
 Ion-ion repulsion       = 6189.67161  eV   =  454.93231  Ry  
 Total electronic energy = -1681.20132  eV   = -123.56597  Ry  
 Electronic energy/atom  =  -93.40007  eV   =   -6.86478  Ry  
