 Number of states: 	16

Atom data:
 -------------
 Total # of atom types is 1
 There are 1 H atoms
 and their coordinates are:

	x [a.u.]		y [a.u.]		z [a.u.]
	0.000000		0.000000		0.000000

 --------------------------------------------------
 Total number of atoms :         1

 Number of states:                       16 
 h grid spacing :                   0.60000  
 Hamiltonian size :                   10648  
 Sphere Radius :                    6.30000   
 # grid points in each direction         22  
 Polynomial degree used :                10  
 Finite difference order :                8  
 --------------------------------------------------
 Initial Hartree energy (eV) =    7.60623  
 max and min values of charge density [e/bohr^3]   8.77590e-02   0.00000e+00

----------------------------------

